#
# There is insufficient memory for the Java Runtime Environment to continue.
# Native memory allocation (malloc) failed to allocate 1069616 bytes. Error detail: Chunk::new
# Possible reasons:
#   The system is out of physical RAM or swap space
#   This process is running with CompressedOops enabled, and the Java Heap may be blocking the growth of the native heap
# Possible solutions:
#   Reduce memory load on the system
#   Increase physical memory or swap space
#   Check if swap backing store is full
#   Decrease Java heap size (-Xmx/-Xms)
#   Decrease number of Java threads
#   Decrease Java thread stack sizes (-Xss)
#   Set larger code cache with -XX:ReservedCodeCacheSize=
#   JVM is running with Unscaled Compressed Oops mode in which the Java heap is
#     placed in the first 4GB address space. The Java Heap base address is the
#     maximum limit for the native heap growth. Please use -XX:HeapBaseMinAddress
#     to set the Java Heap base and to place the Java Heap above 4GB virtual address.
# This output file may be truncated or incomplete.
#
#  Out of Memory Error (arena.cpp:168), pid=17852, tid=7632
#
# JRE version: OpenJDK Runtime Environment Temurin-21.0.9+10 (21.0.9+10) (build 21.0.9+10-LTS)
# Java VM: OpenJDK 64-Bit Server VM Temurin-21.0.9+10 (21.0.9+10-LTS, mixed mode, sharing, tiered, compressed oops, compressed class ptrs, parallel gc, windows-amd64)
# No core dump will be written. Minidumps are not enabled by default on client versions of Windows
#

---------------  S U M M A R Y ------------

Command Line: --add-modules=ALL-SYSTEM --add-opens=java.base/java.util=ALL-UNNAMED --add-opens=java.base/java.lang=ALL-UNNAMED --add-opens=java.base/sun.nio.fs=ALL-UNNAMED -Declipse.application=org.eclipse.jdt.ls.core.id1 -Dosgi.bundles.defaultStartLevel=4 -Declipse.product=org.eclipse.jdt.ls.core.product -Djava.import.generatesMetadataFilesAtProjectRoot=false -DDetectVMInstallationsJob.disabled=true -Dfile.encoding=utf8 -XX:+UseParallelGC -XX:GCTimeRatio=4 -XX:AdaptiveSizePolicyWeight=90 -Dsun.zip.disableMemoryMapping=true -Xmx2G -Xms100m -Xlog:disable -javaagent:c:\Users\Joseo\.vscode\extensions\redhat.java-1.52.0-win32-x64\lombok\lombok-1.18.39-4050.jar -XX:+HeapDumpOnOutOfMemoryError -XX:HeapDumpPath=c:\Users\Joseo\AppData\Roaming\Code\User\workspaceStorage\a69c08ec4294a9e46b62510d91ef7044\redhat.java -Daether.dependencyCollector.impl=bf c:\Users\Joseo\.vscode\extensions\redhat.java-1.52.0-win32-x64\server\plugins\org.eclipse.equinox.launcher_1.7.100.v20251111-0406.jar -configuration c:\Users\Joseo\AppData\Roaming\Code\User\globalStorage\redhat.java\1.52.0\config_win -data c:\Users\Joseo\AppData\Roaming\Code\User\workspaceStorage\a69c08ec4294a9e46b62510d91ef7044\redhat.java\jdt_ws --pipe=\\.\pipe\lsp-951138908a69f92360a960c159c678d5-sock

Host: 11th Gen Intel(R) Core(TM) i5-11400H @ 2.70GHz, 12 cores, 15G,  Windows 11 , 64 bit Build 26100 (10.0.26100.7705)
Time: Sun Feb  1 13:53:44 2026 Paris, Madrid elapsed time: 6.539640 seconds (0d 0h 0m 6s)

---------------  T H R E A D  ---------------

Current thread (0x0000012c77bfa630):  JavaThread "C2 CompilerThread2" daemon [_thread_in_native, id=7632, stack(0x00000003afa00000,0x00000003afb00000) (1024K)]


Current CompileTask:
C2:6539 8137   !   4       org.eclipse.jdt.internal.core.util.DeduplicationUtil::intern (149 bytes)

Stack: [0x00000003afa00000,0x00000003afb00000]
Native frames: (J=compiled Java code, j=interpreted, Vv=VM code, C=native code)
V  [jvm.dll+0x6d6e29]
V  [jvm.dll+0x8b4b76]
V  [jvm.dll+0x8b712e]
V  [jvm.dll+0x8b7813]
V  [jvm.dll+0x283d86]
V  [jvm.dll+0xc66ed]
V  [jvm.dll+0xc6c31]
V  [jvm.dll+0x3be501]
V  [jvm.dll+0x1e3b52]
V  [jvm.dll+0x24c0f3]
V  [jvm.dll+0x24b580]
V  [jvm.dll+0x1cb13e]
V  [jvm.dll+0x25b29d]
V  [jvm.dll+0x25982a]
V  [jvm.dll+0x3f7ea6]
V  [jvm.dll+0x85e9ad]
V  [jvm.dll+0x6d565d]
C  [ucrtbase.dll+0x37b0]
C  [KERNEL32.DLL+0x2e8d7]
C  [ntdll.dll+0x8c40c]


---------------  P R O C E S S  ---------------

Threads class SMR info:
_java_thread_list=0x0000012c77f55a60, length=53, elements={
0x0000012c1c96a480, 0x0000012c1ee64f60, 0x0000012c1ed6d440, 0x0000012c1ee6b250,
0x0000012c1ee6c120, 0x0000012c1ee73200, 0x0000012c1ee77120, 0x0000012c77bf2900,
0x0000012c77bfc840, 0x0000012c77e37810, 0x0000012c77bfad00, 0x0000012c7d068120,
0x0000012c77bfa630, 0x0000012c7d95d3d0, 0x0000012c7d78bb60, 0x0000012c7d84b9a0,
0x0000012c7d852de0, 0x0000012c7ddca3c0, 0x0000012c7e194860, 0x0000012c7de3c270,
0x0000012c7de38df0, 0x0000012c7de3a830, 0x0000012c7de3aec0, 0x0000012c7de39480,
0x0000012c7de39b10, 0x0000012c7de3a1a0, 0x0000012c7de3b550, 0x0000012c7e6206f0,
0x0000012c7e620d80, 0x0000012c7e622130, 0x0000012c7e6227c0, 0x0000012c7e621aa0,
0x0000012c7e622e50, 0x0000012c7e6234e0, 0x0000012c7e620060, 0x0000012c7e623b70,
0x0000012c7e624200, 0x0000012c7e624890, 0x0000012c7e621410, 0x0000012c7e627680,
0x0000012c7e624f20, 0x0000012c7e6255b0, 0x0000012c7e625c40, 0x0000012c7e6262d0,
0x0000012c7e626960, 0x0000012c7e626ff0, 0x0000012c7e50c010, 0x0000012c7e50e0e0,
0x0000012c7e50c6a0, 0x0000012c7e50cd30, 0x0000012c7e50ee00, 0x0000012c7e50da50,
0x0000012c7e5101b0
}

Java Threads: ( => current thread )
  0x0000012c1c96a480 JavaThread "main"                              [_thread_blocked, id=14232, stack(0x00000003aeb00000,0x00000003aec00000) (1024K)]
  0x0000012c1ee64f60 JavaThread "Reference Handler"          daemon [_thread_blocked, id=14860, stack(0x00000003aef00000,0x00000003af000000) (1024K)]
  0x0000012c1ed6d440 JavaThread "Finalizer"                  daemon [_thread_blocked, id=27628, stack(0x00000003af000000,0x00000003af100000) (1024K)]
  0x0000012c1ee6b250 JavaThread "Signal Dispatcher"          daemon [_thread_blocked, id=2756, stack(0x00000003af100000,0x00000003af200000) (1024K)]
  0x0000012c1ee6c120 JavaThread "Attach Listener"            daemon [_thread_blocked, id=9528, stack(0x00000003af200000,0x00000003af300000) (1024K)]
  0x0000012c1ee73200 JavaThread "Service Thread"             daemon [_thread_blocked, id=1032, stack(0x00000003af300000,0x00000003af400000) (1024K)]
  0x0000012c1ee77120 JavaThread "Monitor Deflation Thread"   daemon [_thread_blocked, id=18544, stack(0x00000003af400000,0x00000003af500000) (1024K)]
  0x0000012c77bf2900 JavaThread "C2 CompilerThread0"         daemon [_thread_in_native, id=16748, stack(0x00000003af500000,0x00000003af600000) (1024K)]
  0x0000012c77bfc840 JavaThread "C1 CompilerThread0"         daemon [_thread_blocked, id=14152, stack(0x00000003af600000,0x00000003af700000) (1024K)]
  0x0000012c77e37810 JavaThread "Common-Cleaner"             daemon [_thread_blocked, id=14696, stack(0x00000003af700000,0x00000003af800000) (1024K)]
  0x0000012c77bfad00 JavaThread "C2 CompilerThread1"         daemon [_thread_in_vm, id=24796, stack(0x00000003af800000,0x00000003af900000) (1024K)]
  0x0000012c7d068120 JavaThread "Notification Thread"        daemon [_thread_blocked, id=6148, stack(0x00000003af900000,0x00000003afa00000) (1024K)]
=>0x0000012c77bfa630 JavaThread "C2 CompilerThread2"         daemon [_thread_in_native, id=7632, stack(0x00000003afa00000,0x00000003afb00000) (1024K)]
  0x0000012c7d95d3d0 JavaThread "Active Thread: Equinox Container: 1785f217-e78b-4e0c-82d3-b00da53a39b3"        [_thread_blocked, id=16036, stack(0x00000003b0100000,0x00000003b0200000) (1024K)]
  0x0000012c7d78bb60 JavaThread "Refresh Thread: Equinox Container: 1785f217-e78b-4e0c-82d3-b00da53a39b3" daemon [_thread_blocked, id=18464, stack(0x00000003b0300000,0x00000003b0400000) (1024K)]
  0x0000012c7d84b9a0 JavaThread "Framework Event Dispatcher: Equinox Container: 1785f217-e78b-4e0c-82d3-b00da53a39b3" daemon [_thread_blocked, id=21392, stack(0x00000003b0400000,0x00000003b0500000) (1024K)]
  0x0000012c7d852de0 JavaThread "Start Level: Equinox Container: 1785f217-e78b-4e0c-82d3-b00da53a39b3" daemon [_thread_blocked, id=16592, stack(0x00000003b0500000,0x00000003b0600000) (1024K)]
  0x0000012c7ddca3c0 JavaThread "Bundle File Closer"         daemon [_thread_blocked, id=21688, stack(0x00000003b0800000,0x00000003b0900000) (1024K)]
  0x0000012c7e194860 JavaThread "SCR Component Actor"        daemon [_thread_blocked, id=16552, stack(0x00000003b0900000,0x00000003b0a00000) (1024K)]
  0x0000012c7de3c270 JavaThread "Worker-JM"                         [_thread_blocked, id=27260, stack(0x00000003b0a00000,0x00000003b0b00000) (1024K)]
  0x0000012c7de38df0 JavaThread "JNA Cleaner"                daemon [_thread_blocked, id=24352, stack(0x00000003b0b00000,0x00000003b0c00000) (1024K)]
  0x0000012c7de3a830 JavaThread "Worker-0"                          [_thread_blocked, id=26880, stack(0x00000003b0c00000,0x00000003b0d00000) (1024K)]
  0x0000012c7de3aec0 JavaThread "Worker-1: Initialize workspace"        [_thread_in_Java, id=10272, stack(0x00000003b0d00000,0x00000003b0e00000) (1024K)]
  0x0000012c7de39480 JavaThread "Java indexing"              daemon [_thread_blocked, id=3328, stack(0x00000003b0e00000,0x00000003b0f00000) (1024K)]
  0x0000012c7de39b10 JavaThread "Worker-2"                          [_thread_blocked, id=22848, stack(0x00000003b1100000,0x00000003b1200000) (1024K)]
  0x0000012c7de3a1a0 JavaThread "Worker-3"                          [_thread_blocked, id=14464, stack(0x00000003b1200000,0x00000003b1300000) (1024K)]
  0x0000012c7de3b550 JavaThread "Thread-1"                   daemon [_thread_in_native, id=27148, stack(0x00000003b1300000,0x00000003b1400000) (1024K)]
  0x0000012c7e6206f0 JavaThread "Thread-2"                   daemon [_thread_in_native, id=18088, stack(0x00000003b1400000,0x00000003b1500000) (1024K)]
  0x0000012c7e620d80 JavaThread "Thread-3"                   daemon [_thread_in_native, id=22552, stack(0x00000003b1500000,0x00000003b1600000) (1024K)]
  0x0000012c7e622130 JavaThread "Thread-4"                   daemon [_thread_in_native, id=17568, stack(0x00000003b1600000,0x00000003b1700000) (1024K)]
  0x0000012c7e6227c0 JavaThread "Thread-5"                   daemon [_thread_in_native, id=12544, stack(0x00000003b1700000,0x00000003b1800000) (1024K)]
  0x0000012c7e621aa0 JavaThread "Thread-6"                   daemon [_thread_in_native, id=8048, stack(0x00000003b1800000,0x00000003b1900000) (1024K)]
  0x0000012c7e622e50 JavaThread "Thread-7"                   daemon [_thread_in_native, id=15784, stack(0x00000003b1900000,0x00000003b1a00000) (1024K)]
  0x0000012c7e6234e0 JavaThread "Thread-8"                   daemon [_thread_in_native, id=8388, stack(0x00000003b1a00000,0x00000003b1b00000) (1024K)]
  0x0000012c7e620060 JavaThread "Thread-9"                   daemon [_thread_in_native, id=22276, stack(0x00000003b1b00000,0x00000003b1c00000) (1024K)]
  0x0000012c7e623b70 JavaThread "Thread-10"                  daemon [_thread_in_native, id=17668, stack(0x00000003b1c00000,0x00000003b1d00000) (1024K)]
  0x0000012c7e624200 JavaThread "Thread-11"                  daemon [_thread_in_native, id=2460, stack(0x00000003b1d00000,0x00000003b1e00000) (1024K)]
  0x0000012c7e624890 JavaThread "Thread-12"                  daemon [_thread_in_native, id=2240, stack(0x00000003b1e00000,0x00000003b1f00000) (1024K)]
  0x0000012c7e621410 JavaThread "Thread-13"                  daemon [_thread_in_native, id=7788, stack(0x00000003b1f00000,0x00000003b2000000) (1024K)]
  0x0000012c7e627680 JavaThread "pool-2-thread-1"                   [_thread_blocked, id=2244, stack(0x00000003b2000000,0x00000003b2100000) (1024K)]
  0x0000012c7e624f20 JavaThread "WorkspaceEventsHandler"            [_thread_blocked, id=25444, stack(0x00000003b2100000,0x00000003b2200000) (1024K)]
  0x0000012c7e6255b0 JavaThread "pool-1-thread-1"                   [_thread_blocked, id=14648, stack(0x00000003b2200000,0x00000003b2300000) (1024K)]
  0x0000012c7e625c40 JavaThread "ForkJoinPool.commonPool-worker-1" daemon [_thread_blocked, id=16044, stack(0x00000003b2300000,0x00000003b2400000) (1024K)]
  0x0000012c7e6262d0 JavaThread "ForkJoinPool.commonPool-worker-2" daemon [_thread_blocked, id=21492, stack(0x00000003b2400000,0x00000003b2500000) (1024K)]
  0x0000012c7e626960 JavaThread "ForkJoinPool.commonPool-worker-3" daemon [_thread_blocked, id=15188, stack(0x00000003b2500000,0x00000003b2600000) (1024K)]
  0x0000012c7e626ff0 JavaThread "ForkJoinPool.commonPool-worker-4" daemon [_thread_blocked, id=20248, stack(0x00000003b2600000,0x00000003b2700000) (1024K)]
  0x0000012c7e50c010 JavaThread "ForkJoinPool.commonPool-worker-5" daemon [_thread_in_Java, id=3700, stack(0x00000003b2700000,0x00000003b2800000) (1024K)]
  0x0000012c7e50e0e0 JavaThread "ForkJoinPool.commonPool-worker-6" daemon [_thread_blocked, id=5340, stack(0x00000003b2800000,0x00000003b2900000) (1024K)]
  0x0000012c7e50c6a0 JavaThread "ForkJoinPool.commonPool-worker-7" daemon [_thread_blocked, id=17872, stack(0x00000003b2900000,0x00000003b2a00000) (1024K)]
  0x0000012c7e50cd30 JavaThread "ForkJoinPool.commonPool-worker-8" daemon [_thread_blocked, id=10628, stack(0x00000003b2a00000,0x00000003b2b00000) (1024K)]
  0x0000012c7e50ee00 JavaThread "ForkJoinPool.commonPool-worker-9" daemon [_thread_in_Java, id=16080, stack(0x00000003b2b00000,0x00000003b2c00000) (1024K)]
  0x0000012c7e50da50 JavaThread "ForkJoinPool.commonPool-worker-10" daemon [_thread_in_Java, id=5416, stack(0x00000003b2c00000,0x00000003b2d00000) (1024K)]
  0x0000012c7e5101b0 JavaThread "ForkJoinPool.commonPool-worker-11" daemon [_thread_blocked, id=13184, stack(0x00000003b2d00000,0x00000003b2e00000) (1024K)]
Total: 53

Other Threads:
  0x0000012c1ee60bb0 VMThread "VM Thread"                           [id=10904, stack(0x00000003aee00000,0x00000003aef00000) (1024K)]
  0x0000012c1ee2e350 WatcherThread "VM Periodic Task Thread"        [id=21524, stack(0x00000003aed00000,0x00000003aee00000) (1024K)]
  0x0000012c1eddba70 WorkerThread "GC Thread#0"                     [id=3344, stack(0x00000003aec00000,0x00000003aed00000) (1024K)]
  0x0000012c7d780b70 WorkerThread "GC Thread#1"                     [id=13240, stack(0x00000003afb00000,0x00000003afc00000) (1024K)]
  0x0000012c7d433030 WorkerThread "GC Thread#2"                     [id=12584, stack(0x00000003afc00000,0x00000003afd00000) (1024K)]
  0x0000012c7d4333d0 WorkerThread "GC Thread#3"                     [id=10160, stack(0x00000003afd00000,0x00000003afe00000) (1024K)]
  0x0000012c7d5ff200 WorkerThread "GC Thread#4"                     [id=25632, stack(0x00000003afe00000,0x00000003aff00000) (1024K)]
  0x0000012c7d433770 WorkerThread "GC Thread#5"                     [id=17472, stack(0x00000003aff00000,0x00000003b0000000) (1024K)]
  0x0000012c7d72bf30 WorkerThread "GC Thread#6"                     [id=24968, stack(0x00000003b0000000,0x00000003b0100000) (1024K)]
  0x0000012c7d5e2440 WorkerThread "GC Thread#7"                     [id=24160, stack(0x00000003b0200000,0x00000003b0300000) (1024K)]
  0x0000012c7d5e32c0 WorkerThread "GC Thread#8"                     [id=24940, stack(0x00000003b0600000,0x00000003b0700000) (1024K)]
  0x0000012c7d5e2f20 WorkerThread "GC Thread#9"                     [id=9524, stack(0x00000003b0700000,0x00000003b0800000) (1024K)]
Total: 12

Threads with active compile tasks:
C2 CompilerThread0  6565 8690       4       org.eclipse.jdt.internal.compiler.parser.Scanner::internalScanIdentifierOrKeyword (5041 bytes)
C1 CompilerThread0  6565 8855       3       org.apache.maven.model.io.xpp3.MavenXpp3ReaderEx::parseDeveloper (912 bytes)
C2 CompilerThread1  6565 8816       4       org.eclipse.jdt.internal.core.JarPackageFragmentRoot::initRawPackageInfo (292 bytes)
C2 CompilerThread2  6565 8137   !   4       org.eclipse.jdt.internal.core.util.DeduplicationUtil::intern (149 bytes)
Total: 4

VM state: not at safepoint (normal execution)

VM Mutex/Monitor currently owned by a thread: None

Heap address: 0x0000000080000000, size: 2048 MB, Compressed Oops mode: 32-bit

CDS archive(s) mapped at: [0x0000012c36000000-0x0000012c36ba0000-0x0000012c36ba0000), size 12189696, SharedBaseAddress: 0x0000012c36000000, ArchiveRelocationMode: 1.
Compressed class space mapped at: 0x0000012c37000000-0x0000012c77000000, reserved size: 1073741824
Narrow klass base: 0x0000012c36000000, Narrow klass shift: 0, Narrow klass range: 0x100000000

GC Precious Log:
 CardTable entry size: 512
 CPUs: 12 total, 12 available
 Memory: 16147M
 Large Page Support: Disabled
 NUMA Support: Disabled
 Compressed Oops: Enabled (32-bit)
 Alignments: Space 512K, Generation 512K, Heap 2M
 Heap Min Capacity: 100M
 Heap Initial Capacity: 100M
 Heap Max Capacity: 2G
 Pre-touch: Disabled
 Parallel Workers: 10

Heap:
 PSYoungGen      total 18432K, used 14461K [0x00000000d5580000, 0x00000000d6880000, 0x0000000100000000)
  eden space 17408K, 79% used [0x00000000d5580000,0x00000000d63191a0,0x00000000d6680000)
  from space 1024K, 52% used [0x00000000d6780000,0x00000000d6806508,0x00000000d6880000)
  to   space 1024K, 0% used [0x00000000d6680000,0x00000000d6680000,0x00000000d6780000)
 ParOldGen       total 68608K, used 59708K [0x0000000080000000, 0x0000000084300000, 0x00000000d5580000)
  object space 68608K, 87% used [0x0000000080000000,0x0000000083a4f208,0x0000000084300000)
 Metaspace       used 58752K, committed 60224K, reserved 1114112K
  class space    used 6314K, committed 6912K, reserved 1048576K

Card table byte_map: [0x0000012c1e760000,0x0000012c1eb70000] _byte_map_base: 0x0000012c1e360000

Marking Bits: (ParMarkBitMap*) 0x00007ff80bee2460
 Begin Bits: [0x0000012c31270000, 0x0000012c33270000)
 End Bits:   [0x0000012c33270000, 0x0000012c35270000)

Polling page: 0x0000012c1c920000

Metaspace:

Usage:
  Non-class:     51.21 MB used.
      Class:      6.17 MB used.
       Both:     57.38 MB used.

Virtual space:
  Non-class space:       64.00 MB reserved,      52.06 MB ( 81%) committed,  1 nodes.
      Class space:        1.00 GB reserved,       6.75 MB ( <1%) committed,  1 nodes.
             Both:        1.06 GB reserved,      58.81 MB (  5%) committed. 

Chunk freelists:
   Non-Class:  11.97 MB
       Class:  9.14 MB
        Both:  21.11 MB

MaxMetaspaceSize: unlimited
CompressedClassSpaceSize: 1.00 GB
Initial GC threshold: 21.00 MB
Current GC threshold: 97.31 MB
CDS: on
 - commit_granule_bytes: 65536.
 - commit_granule_words: 8192.
 - virtual_space_node_default_size: 8388608.
 - enlarge_chunks_in_place: 1.
 - use_allocation_guard: 0.


Internal statistics:

num_allocs_failed_limit: 9.
num_arena_births: 1126.
num_arena_deaths: 34.
num_vsnodes_births: 2.
num_vsnodes_deaths: 0.
num_space_committed: 941.
num_space_uncommitted: 0.
num_chunks_returned_to_freelist: 52.
num_chunks_taken_from_freelist: 3788.
num_chunk_merges: 23.
num_chunk_splits: 2406.
num_chunks_enlarged: 1425.
num_inconsistent_stats: 0.

CodeHeap 'non-profiled nmethods': size=120000Kb used=4970Kb max_used=4970Kb free=115030Kb
 bounds [0x0000012c29a90000, 0x0000012c29f70000, 0x0000012c30fc0000]
CodeHeap 'profiled nmethods': size=120000Kb used=17229Kb max_used=17229Kb free=102770Kb
 bounds [0x0000012c21fc0000, 0x0000012c230a0000, 0x0000012c294f0000]
CodeHeap 'non-nmethods': size=5760Kb used=1426Kb max_used=1489Kb free=4333Kb
 bounds [0x0000012c294f0000, 0x0000012c29760000, 0x0000012c29a90000]
CodeCache: size=245760Kb, used=23625Kb, max_used=23688Kb, free=222133Kb
 total_blobs=8796, nmethods=8067, adapters=635, full_count=0
Compilation: enabled, stopped_count=0, restarted_count=0

Compilation events (20 events):
Event: 6.531 Thread 0x0000012c77bfc840 8807       3       org.apache.maven.model.License::setLocation (220 bytes)
Event: 6.531 Thread 0x0000012c77bfc840 nmethod 8807 0x0000012c23079310 code [0x0000012c23079600, 0x0000012c2307a778]
Event: 6.531 Thread 0x0000012c77bfc840 8808       1       org.apache.maven.model.Model::setUrl (6 bytes)
Event: 6.532 Thread 0x0000012c77bfc840 nmethod 8808 0x0000012c29f64e90 code [0x0000012c29f65020, 0x0000012c29f65100]
Event: 6.532 Thread 0x0000012c77bfc840 8809       1       org.apache.maven.model.Scm::setUrl (6 bytes)
Event: 6.532 Thread 0x0000012c77bfc840 nmethod 8809 0x0000012c29f65190 code [0x0000012c29f65320, 0x0000012c29f65400]
Event: 6.532 Thread 0x0000012c77bfc840 8810       1       org.apache.maven.model.building.ModelData::setRawModel (6 bytes)
Event: 6.532 Thread 0x0000012c77bfc840 nmethod 8810 0x0000012c29f65490 code [0x0000012c29f65620, 0x0000012c29f65700]
Event: 6.532 Thread 0x0000012c77bfc840 8811       1       org.apache.maven.model.building.ModelData::setActiveProfiles (6 bytes)
Event: 6.532 Thread 0x0000012c77bfc840 nmethod 8811 0x0000012c29f65790 code [0x0000012c29f65920, 0x0000012c29f65a00]
Event: 6.534 Thread 0x0000012c77bfc840 8812       3       java.util.ImmutableCollections$MapN$MapNIterator::<init> (40 bytes)
Event: 6.534 Thread 0x0000012c77bfc840 nmethod 8812 0x0000012c2307ab10 code [0x0000012c2307acc0, 0x0000012c2307ae78]
Event: 6.534 Thread 0x0000012c77bfc840 8813       1       org.apache.maven.model.Parent::getArtifactId (5 bytes)
Event: 6.534 Thread 0x0000012c77bfc840 nmethod 8813 0x0000012c29f65a90 code [0x0000012c29f65c20, 0x0000012c29f65ce8]
Event: 6.534 Thread 0x0000012c77bfc840 8814       3       java.util.TreeMap$KeySet::iterator (32 bytes)
Event: 6.535 Thread 0x0000012c77bfc840 nmethod 8814 0x0000012c2307af90 code [0x0000012c2307b1a0, 0x0000012c2307b900]
Event: 6.535 Thread 0x0000012c77bfc840 8815       3       java.util.TreeMap::keyIterator (13 bytes)
Event: 6.535 Thread 0x0000012c77bfc840 nmethod 8815 0x0000012c2307bb10 code [0x0000012c2307bce0, 0x0000012c2307c0e0]
Event: 6.536 Thread 0x0000012c77bfc840 8817       3       java.io.InputStream::readNBytes (292 bytes)
Event: 6.538 Thread 0x0000012c77bfc840 nmethod 8817 0x0000012c2307c290 code [0x0000012c2307c6e0, 0x0000012c2307ea38]

GC Heap History (20 events):
Event: 6.384 GC heap after
{Heap after GC invocations=62 (full 3):
 PSYoungGen      total 18432K, used 786K [0x00000000d5580000, 0x00000000d6900000, 0x0000000100000000)
  eden space 17408K, 0% used [0x00000000d5580000,0x00000000d5580000,0x00000000d6680000)
  from space 1024K, 76% used [0x00000000d6680000,0x00000000d6744940,0x00000000d6780000)
  to   space 1024K, 0% used [0x00000000d6800000,0x00000000d6800000,0x00000000d6900000)
 ParOldGen       total 68608K, used 52974K [0x0000000080000000, 0x0000000084300000, 0x00000000d5580000)
  object space 68608K, 77% used [0x0000000080000000,0x00000000833bb840,0x0000000084300000)
 Metaspace       used 58642K, committed 60032K, reserved 1114112K
  class space    used 6308K, committed 6912K, reserved 1048576K
}
Event: 6.393 GC heap before
{Heap before GC invocations=63 (full 3):
 PSYoungGen      total 18432K, used 18194K [0x00000000d5580000, 0x00000000d6900000, 0x0000000100000000)
  eden space 17408K, 100% used [0x00000000d5580000,0x00000000d6680000,0x00000000d6680000)
  from space 1024K, 76% used [0x00000000d6680000,0x00000000d6744940,0x00000000d6780000)
  to   space 1024K, 0% used [0x00000000d6800000,0x00000000d6800000,0x00000000d6900000)
 ParOldGen       total 68608K, used 52974K [0x0000000080000000, 0x0000000084300000, 0x00000000d5580000)
  object space 68608K, 77% used [0x0000000080000000,0x00000000833bb840,0x0000000084300000)
 Metaspace       used 58643K, committed 60032K, reserved 1114112K
  class space    used 6308K, committed 6912K, reserved 1048576K
}
Event: 6.395 GC heap after
{Heap after GC invocations=63 (full 3):
 PSYoungGen      total 18432K, used 879K [0x00000000d5580000, 0x00000000d6900000, 0x0000000100000000)
  eden space 17408K, 0% used [0x00000000d5580000,0x00000000d5580000,0x00000000d6680000)
  from space 1024K, 85% used [0x00000000d6800000,0x00000000d68dbc58,0x00000000d6900000)
  to   space 1024K, 0% used [0x00000000d6680000,0x00000000d6680000,0x00000000d6780000)
 ParOldGen       total 68608K, used 53442K [0x0000000080000000, 0x0000000084300000, 0x00000000d5580000)
  object space 68608K, 77% used [0x0000000080000000,0x00000000834309c8,0x0000000084300000)
 Metaspace       used 58643K, committed 60032K, reserved 1114112K
  class space    used 6308K, committed 6912K, reserved 1048576K
}
Event: 6.411 GC heap before
{Heap before GC invocations=64 (full 3):
 PSYoungGen      total 18432K, used 18287K [0x00000000d5580000, 0x00000000d6900000, 0x0000000100000000)
  eden space 17408K, 100% used [0x00000000d5580000,0x00000000d6680000,0x00000000d6680000)
  from space 1024K, 85% used [0x00000000d6800000,0x00000000d68dbc58,0x00000000d6900000)
  to   space 1024K, 0% used [0x00000000d6680000,0x00000000d6680000,0x00000000d6780000)
 ParOldGen       total 68608K, used 53442K [0x0000000080000000, 0x0000000084300000, 0x00000000d5580000)
  object space 68608K, 77% used [0x0000000080000000,0x00000000834309c8,0x0000000084300000)
 Metaspace       used 58650K, committed 60032K, reserved 1114112K
  class space    used 6308K, committed 6912K, reserved 1048576K
}
Event: 6.412 GC heap after
{Heap after GC invocations=64 (full 3):
 PSYoungGen      total 18432K, used 894K [0x00000000d5580000, 0x00000000d6880000, 0x0000000100000000)
  eden space 17408K, 0% used [0x00000000d5580000,0x00000000d5580000,0x00000000d6680000)
  from space 1024K, 87% used [0x00000000d6680000,0x00000000d675faa8,0x00000000d6780000)
  to   space 1024K, 0% used [0x00000000d6780000,0x00000000d6780000,0x00000000d6880000)
 ParOldGen       total 68608K, used 54040K [0x0000000080000000, 0x0000000084300000, 0x00000000d5580000)
  object space 68608K, 78% used [0x0000000080000000,0x00000000834c60d8,0x0000000084300000)
 Metaspace       used 58650K, committed 60032K, reserved 1114112K
  class space    used 6308K, committed 6912K, reserved 1048576K
}
Event: 6.425 GC heap before
{Heap before GC invocations=65 (full 3):
 PSYoungGen      total 18432K, used 18302K [0x00000000d5580000, 0x00000000d6880000, 0x0000000100000000)
  eden space 17408K, 100% used [0x00000000d5580000,0x00000000d6680000,0x00000000d6680000)
  from space 1024K, 87% used [0x00000000d6680000,0x00000000d675faa8,0x00000000d6780000)
  to   space 1024K, 0% used [0x00000000d6780000,0x00000000d6780000,0x00000000d6880000)
 ParOldGen       total 68608K, used 54040K [0x0000000080000000, 0x0000000084300000, 0x00000000d5580000)
  object space 68608K, 78% used [0x0000000080000000,0x00000000834c60d8,0x0000000084300000)
 Metaspace       used 58658K, committed 60096K, reserved 1114112K
  class space    used 6308K, committed 6912K, reserved 1048576K
}
Event: 6.427 GC heap after
{Heap after GC invocations=65 (full 3):
 PSYoungGen      total 18432K, used 1017K [0x00000000d5580000, 0x00000000d6880000, 0x0000000100000000)
  eden space 17408K, 0% used [0x00000000d5580000,0x00000000d5580000,0x00000000d6680000)
  from space 1024K, 99% used [0x00000000d6780000,0x00000000d687e7a0,0x00000000d6880000)
  to   space 1024K, 0% used [0x00000000d6680000,0x00000000d6680000,0x00000000d6780000)
 ParOldGen       total 68608K, used 55567K [0x0000000080000000, 0x0000000084300000, 0x00000000d5580000)
  object space 68608K, 80% used [0x0000000080000000,0x0000000083643d00,0x0000000084300000)
 Metaspace       used 58658K, committed 60096K, reserved 1114112K
  class space    used 6308K, committed 6912K, reserved 1048576K
}
Event: 6.439 GC heap before
{Heap before GC invocations=66 (full 3):
 PSYoungGen      total 18432K, used 18425K [0x00000000d5580000, 0x00000000d6880000, 0x0000000100000000)
  eden space 17408K, 100% used [0x00000000d5580000,0x00000000d6680000,0x00000000d6680000)
  from space 1024K, 99% used [0x00000000d6780000,0x00000000d687e7a0,0x00000000d6880000)
  to   space 1024K, 0% used [0x00000000d6680000,0x00000000d6680000,0x00000000d6780000)
 ParOldGen       total 68608K, used 55567K [0x0000000080000000, 0x0000000084300000, 0x00000000d5580000)
  object space 68608K, 80% used [0x0000000080000000,0x0000000083643d00,0x0000000084300000)
 Metaspace       used 58665K, committed 60096K, reserved 1114112K
  class space    used 6308K, committed 6912K, reserved 1048576K
}
Event: 6.441 GC heap after
{Heap after GC invocations=66 (full 3):
 PSYoungGen      total 18432K, used 608K [0x00000000d5580000, 0x00000000d6980000, 0x0000000100000000)
  eden space 17408K, 0% used [0x00000000d5580000,0x00000000d5580000,0x00000000d6680000)
  from space 1024K, 59% used [0x00000000d6680000,0x00000000d6718000,0x00000000d6780000)
  to   space 1536K, 0% used [0x00000000d6800000,0x00000000d6800000,0x00000000d6980000)
 ParOldGen       total 68608K, used 56393K [0x0000000080000000, 0x0000000084300000, 0x00000000d5580000)
  object space 68608K, 82% used [0x0000000080000000,0x0000000083712748,0x0000000084300000)
 Metaspace       used 58665K, committed 60096K, reserved 1114112K
  class space    used 6308K, committed 6912K, reserved 1048576K
}
Event: 6.449 GC heap before
{Heap before GC invocations=67 (full 3):
 PSYoungGen      total 18432K, used 18016K [0x00000000d5580000, 0x00000000d6980000, 0x0000000100000000)
  eden space 17408K, 100% used [0x00000000d5580000,0x00000000d6680000,0x00000000d6680000)
  from space 1024K, 59% used [0x00000000d6680000,0x00000000d6718000,0x00000000d6780000)
  to   space 1536K, 0% used [0x00000000d6800000,0x00000000d6800000,0x00000000d6980000)
 ParOldGen       total 68608K, used 56393K [0x0000000080000000, 0x0000000084300000, 0x00000000d5580000)
  object space 68608K, 82% used [0x0000000080000000,0x0000000083712748,0x0000000084300000)
 Metaspace       used 58670K, committed 60096K, reserved 1114112K
  class space    used 6308K, committed 6912K, reserved 1048576K
}
Event: 6.450 GC heap after
{Heap after GC invocations=67 (full 3):
 PSYoungGen      total 18944K, used 1088K [0x00000000d5580000, 0x00000000d6980000, 0x0000000100000000)
  eden space 17408K, 0% used [0x00000000d5580000,0x00000000d5580000,0x00000000d6680000)
  from space 1536K, 70% used [0x00000000d6800000,0x00000000d6910230,0x00000000d6980000)
  to   space 1536K, 0% used [0x00000000d6680000,0x00000000d6680000,0x00000000d6800000)
 ParOldGen       total 68608K, used 56864K [0x0000000080000000, 0x0000000084300000, 0x00000000d5580000)
  object space 68608K, 82% used [0x0000000080000000,0x0000000083788388,0x0000000084300000)
 Metaspace       used 58670K, committed 60096K, reserved 1114112K
  class space    used 6308K, committed 6912K, reserved 1048576K
}
Event: 6.462 GC heap before
{Heap before GC invocations=68 (full 3):
 PSYoungGen      total 18944K, used 18496K [0x00000000d5580000, 0x00000000d6980000, 0x0000000100000000)
  eden space 17408K, 100% used [0x00000000d5580000,0x00000000d6680000,0x00000000d6680000)
  from space 1536K, 70% used [0x00000000d6800000,0x00000000d6910230,0x00000000d6980000)
  to   space 1536K, 0% used [0x00000000d6680000,0x00000000d6680000,0x00000000d6800000)
 ParOldGen       total 68608K, used 56864K [0x0000000080000000, 0x0000000084300000, 0x00000000d5580000)
  object space 68608K, 82% used [0x0000000080000000,0x0000000083788388,0x0000000084300000)
 Metaspace       used 58685K, committed 60096K, reserved 1114112K
  class space    used 6308K, committed 6912K, reserved 1048576K
}
Event: 6.463 GC heap after
{Heap after GC invocations=68 (full 3):
 PSYoungGen      total 18432K, used 625K [0x00000000d5580000, 0x00000000d6880000, 0x0000000100000000)
  eden space 17408K, 0% used [0x00000000d5580000,0x00000000d5580000,0x00000000d6680000)
  from space 1024K, 61% used [0x00000000d6680000,0x00000000d671c7d0,0x00000000d6780000)
  to   space 1024K, 0% used [0x00000000d6780000,0x00000000d6780000,0x00000000d6880000)
 ParOldGen       total 68608K, used 57680K [0x0000000080000000, 0x0000000084300000, 0x00000000d5580000)
  object space 68608K, 84% used [0x0000000080000000,0x0000000083854388,0x0000000084300000)
 Metaspace       used 58685K, committed 60096K, reserved 1114112K
  class space    used 6308K, committed 6912K, reserved 1048576K
}
Event: 6.475 GC heap before
{Heap before GC invocations=69 (full 3):
 PSYoungGen      total 18432K, used 18033K [0x00000000d5580000, 0x00000000d6880000, 0x0000000100000000)
  eden space 17408K, 100% used [0x00000000d5580000,0x00000000d6680000,0x00000000d6680000)
  from space 1024K, 61% used [0x00000000d6680000,0x00000000d671c7d0,0x00000000d6780000)
  to   space 1024K, 0% used [0x00000000d6780000,0x00000000d6780000,0x00000000d6880000)
 ParOldGen       total 68608K, used 57680K [0x0000000080000000, 0x0000000084300000, 0x00000000d5580000)
  object space 68608K, 84% used [0x0000000080000000,0x0000000083854388,0x0000000084300000)
 Metaspace       used 58693K, committed 60160K, reserved 1114112K
  class space    used 6308K, committed 6912K, reserved 1048576K
}
Event: 6.476 GC heap after
{Heap after GC invocations=69 (full 3):
 PSYoungGen      total 18432K, used 896K [0x00000000d5580000, 0x00000000d6880000, 0x0000000100000000)
  eden space 17408K, 0% used [0x00000000d5580000,0x00000000d5580000,0x00000000d6680000)
  from space 1024K, 87% used [0x00000000d6780000,0x00000000d6860230,0x00000000d6880000)
  to   space 1024K, 0% used [0x00000000d6680000,0x00000000d6680000,0x00000000d6780000)
 ParOldGen       total 68608K, used 57980K [0x0000000080000000, 0x0000000084300000, 0x00000000d5580000)
  object space 68608K, 84% used [0x0000000080000000,0x000000008389f398,0x0000000084300000)
 Metaspace       used 58693K, committed 60160K, reserved 1114112K
  class space    used 6308K, committed 6912K, reserved 1048576K
}
Event: 6.507 GC heap before
{Heap before GC invocations=70 (full 3):
 PSYoungGen      total 18432K, used 18304K [0x00000000d5580000, 0x00000000d6880000, 0x0000000100000000)
  eden space 17408K, 99% used [0x00000000d5580000,0x00000000d667fff0,0x00000000d6680000)
  from space 1024K, 87% used [0x00000000d6780000,0x00000000d6860230,0x00000000d6880000)
  to   space 1024K, 0% used [0x00000000d6680000,0x00000000d6680000,0x00000000d6780000)
 ParOldGen       total 68608K, used 57980K [0x0000000080000000, 0x0000000084300000, 0x00000000d5580000)
  object space 68608K, 84% used [0x0000000080000000,0x000000008389f398,0x0000000084300000)
 Metaspace       used 58695K, committed 60160K, reserved 1114112K
  class space    used 6308K, committed 6912K, reserved 1048576K
}
Event: 6.508 GC heap after
{Heap after GC invocations=70 (full 3):
 PSYoungGen      total 18432K, used 448K [0x00000000d5580000, 0x00000000d6880000, 0x0000000100000000)
  eden space 17408K, 0% used [0x00000000d5580000,0x00000000d5580000,0x00000000d6680000)
  from space 1024K, 43% used [0x00000000d6680000,0x00000000d66f0000,0x00000000d6780000)
  to   space 1024K, 0% used [0x00000000d6780000,0x00000000d6780000,0x00000000d6880000)
 ParOldGen       total 68608K, used 58564K [0x0000000080000000, 0x0000000084300000, 0x00000000d5580000)
  object space 68608K, 85% used [0x0000000080000000,0x0000000083931398,0x0000000084300000)
 Metaspace       used 58695K, committed 60160K, reserved 1114112K
  class space    used 6308K, committed 6912K, reserved 1048576K
}
Event: 6.522 GC heap before
{Heap before GC invocations=71 (full 3):
 PSYoungGen      total 18432K, used 17856K [0x00000000d5580000, 0x00000000d6880000, 0x0000000100000000)
  eden space 17408K, 100% used [0x00000000d5580000,0x00000000d6680000,0x00000000d6680000)
  from space 1024K, 43% used [0x00000000d6680000,0x00000000d66f0000,0x00000000d6780000)
  to   space 1024K, 0% used [0x00000000d6780000,0x00000000d6780000,0x00000000d6880000)
 ParOldGen       total 68608K, used 58564K [0x0000000080000000, 0x0000000084300000, 0x00000000d5580000)
  object space 68608K, 85% used [0x0000000080000000,0x0000000083931398,0x0000000084300000)
 Metaspace       used 58701K, committed 60160K, reserved 1114112K
  class space    used 6308K, committed 6912K, reserved 1048576K
}
Event: 6.524 GC heap after
{Heap after GC invocations=71 (full 3):
 PSYoungGen      total 18432K, used 864K [0x00000000d5580000, 0x00000000d6880000, 0x0000000100000000)
  eden space 17408K, 0% used [0x00000000d5580000,0x00000000d5580000,0x00000000d6680000)
  from space 1024K, 84% used [0x00000000d6780000,0x00000000d6858000,0x00000000d6880000)
  to   space 1024K, 0% used [0x00000000d6680000,0x00000000d6680000,0x00000000d6780000)
 ParOldGen       total 68608K, used 58860K [0x0000000080000000, 0x0000000084300000, 0x00000000d5580000)
  object space 68608K, 85% used [0x0000000080000000,0x000000008397b398,0x0000000084300000)
 Metaspace       used 58701K, committed 60160K, reserved 1114112K
  class space    used 6308K, committed 6912K, reserved 1048576K
}
Event: 6.538 GC heap before
{Heap before GC invocations=72 (full 3):
 PSYoungGen      total 18432K, used 18272K [0x00000000d5580000, 0x00000000d6880000, 0x0000000100000000)
  eden space 17408K, 100% used [0x00000000d5580000,0x00000000d6680000,0x00000000d6680000)
  from space 1024K, 84% used [0x00000000d6780000,0x00000000d6858000,0x00000000d6880000)
  to   space 1024K, 0% used [0x00000000d6680000,0x00000000d6680000,0x00000000d6780000)
 ParOldGen       total 68608K, used 58860K [0x0000000080000000, 0x0000000084300000, 0x00000000d5580000)
  object space 68608K, 85% used [0x0000000080000000,0x000000008397b398,0x0000000084300000)
 Metaspace       used 58705K, committed 60160K, reserved 1114112K
  class space    used 6308K, committed 6912K, reserved 1048576K
}

Dll operation events (10 events):
Event: 0.010 Loaded shared library c:\Users\Joseo\.vscode\extensions\redhat.java-1.52.0-win32-x64\jre\21.0.9-win32-x86_64\bin\java.dll
Event: 0.063 Loaded shared library c:\Users\Joseo\.vscode\extensions\redhat.java-1.52.0-win32-x64\jre\21.0.9-win32-x86_64\bin\zip.dll
Event: 0.076 Loaded shared library C:\Users\Joseo\.vscode\extensions\redhat.java-1.52.0-win32-x64\jre\21.0.9-win32-x86_64\bin\instrument.dll
Event: 0.079 Loaded shared library C:\Users\Joseo\.vscode\extensions\redhat.java-1.52.0-win32-x64\jre\21.0.9-win32-x86_64\bin\net.dll
Event: 0.080 Loaded shared library C:\Users\Joseo\.vscode\extensions\redhat.java-1.52.0-win32-x64\jre\21.0.9-win32-x86_64\bin\nio.dll
Event: 0.083 Loaded shared library C:\Users\Joseo\.vscode\extensions\redhat.java-1.52.0-win32-x64\jre\21.0.9-win32-x86_64\bin\zip.dll
Event: 0.092 Loaded shared library C:\Users\Joseo\.vscode\extensions\redhat.java-1.52.0-win32-x64\jre\21.0.9-win32-x86_64\bin\jimage.dll
Event: 0.133 Loaded shared library c:\Users\Joseo\.vscode\extensions\redhat.java-1.52.0-win32-x64\jre\21.0.9-win32-x86_64\bin\verify.dll
Event: 0.847 Loaded shared library C:\Users\Joseo\AppData\Roaming\Code\User\globalStorage\redhat.java\1.52.0\config_win\org.eclipse.equinox.launcher\org.eclipse.equinox.launcher.win32.win32.x86_64_1.2.1500.v20260121-1430\eclipse_11919.dll
Event: 1.621 Loaded shared library C:\Users\Joseo\AppData\Local\Temp\jna-71761112\jna10252091444713684167.dll

Deoptimization events (20 events):
Event: 6.460 Thread 0x0000012c7e50c010 DEOPT PACKING pc=0x0000012c29f38e5c sp=0x00000003b27fe1a0
Event: 6.460 Thread 0x0000012c7e50c010 DEOPT UNPACKING pc=0x0000012c29546da2 sp=0x00000003b27fdec0 mode 2
Event: 6.514 Thread 0x0000012c7e50da50 Uncommon trap: trap_request=0xffffffbe fr.pc=0x0000012c29f5ffe4 relative=0x0000000000000ce4
Event: 6.515 Thread 0x0000012c7e50da50 Uncommon trap: reason=profile_predicate action=maybe_recompile pc=0x0000012c29f5ffe4 method=org.eclipse.jdt.internal.core.util.WeakHashSet.get(Ljava/lang/Object;)Ljava/lang/Object; @ 60 c2
Event: 6.515 Thread 0x0000012c7e50da50 DEOPT PACKING pc=0x0000012c29f5ffe4 sp=0x00000003b2cfdb50
Event: 6.515 Thread 0x0000012c7e50da50 DEOPT UNPACKING pc=0x0000012c29546da2 sp=0x00000003b2cfdb00 mode 2
Event: 6.515 Thread 0x0000012c7e50da50 Uncommon trap: trap_request=0xffffffbe fr.pc=0x0000012c29f5ffe4 relative=0x0000000000000ce4
Event: 6.515 Thread 0x0000012c7e50da50 Uncommon trap: reason=profile_predicate action=maybe_recompile pc=0x0000012c29f5ffe4 method=org.eclipse.jdt.internal.core.util.WeakHashSet.get(Ljava/lang/Object;)Ljava/lang/Object; @ 60 c2
Event: 6.515 Thread 0x0000012c7e50da50 DEOPT PACKING pc=0x0000012c29f5ffe4 sp=0x00000003b2cfdb50
Event: 6.515 Thread 0x0000012c7e50da50 DEOPT UNPACKING pc=0x0000012c29546da2 sp=0x00000003b2cfdb00 mode 2
Event: 6.515 Thread 0x0000012c7e50da50 Uncommon trap: trap_request=0xffffffbe fr.pc=0x0000012c29f5ffe4 relative=0x0000000000000ce4
Event: 6.515 Thread 0x0000012c7e50da50 Uncommon trap: reason=profile_predicate action=maybe_recompile pc=0x0000012c29f5ffe4 method=org.eclipse.jdt.internal.core.util.WeakHashSet.get(Ljava/lang/Object;)Ljava/lang/Object; @ 60 c2
Event: 6.515 Thread 0x0000012c7e50da50 DEOPT PACKING pc=0x0000012c29f5ffe4 sp=0x00000003b2cfdb50
Event: 6.515 Thread 0x0000012c7e50da50 DEOPT UNPACKING pc=0x0000012c29546da2 sp=0x00000003b2cfdb00 mode 2
Event: 6.515 Thread 0x0000012c7e50da50 Uncommon trap: trap_request=0xffffffbe fr.pc=0x0000012c29f5ffe4 relative=0x0000000000000ce4
Event: 6.515 Thread 0x0000012c7e50da50 Uncommon trap: reason=profile_predicate action=maybe_recompile pc=0x0000012c29f5ffe4 method=org.eclipse.jdt.internal.core.util.WeakHashSet.get(Ljava/lang/Object;)Ljava/lang/Object; @ 60 c2
Event: 6.515 Thread 0x0000012c7e50da50 DEOPT PACKING pc=0x0000012c29f5ffe4 sp=0x00000003b2cfdb50
Event: 6.515 Thread 0x0000012c7e50da50 DEOPT UNPACKING pc=0x0000012c29546da2 sp=0x00000003b2cfdb00 mode 2
Event: 6.533 Thread 0x0000012c7de3aec0 DEOPT PACKING pc=0x0000012c22d89305 sp=0x00000003b0dfd0c0
Event: 6.533 Thread 0x0000012c7de3aec0 DEOPT UNPACKING pc=0x0000012c295478e2 sp=0x00000003b0dfc5b0 mode 0

Classes loaded (20 events):
Event: 5.527 Loading class java/util/stream/ReferencePipeline$4$1
Event: 5.527 Loading class java/util/stream/ReferencePipeline$4$1 done
Event: 5.562 Loading class java/util/Hashtable$ValueCollection
Event: 5.562 Loading class java/util/Hashtable$ValueCollection done
Event: 5.645 Loading class java/nio/charset/CharacterCodingException
Event: 5.645 Loading class java/nio/charset/CharacterCodingException done
Event: 5.645 Loading class java/io/SequenceInputStream
Event: 5.645 Loading class java/io/SequenceInputStream done
Event: 5.666 Loading class java/util/WeakHashMap$KeyIterator
Event: 5.667 Loading class java/util/WeakHashMap$KeyIterator done
Event: 5.837 Loading class java/util/Hashtable$KeySet
Event: 5.837 Loading class java/util/Hashtable$KeySet done
Event: 6.081 Loading class java/util/stream/DistinctOps
Event: 6.081 Loading class java/util/stream/DistinctOps done
Event: 6.081 Loading class java/util/stream/DistinctOps$1
Event: 6.081 Loading class java/util/stream/DistinctOps$1 done
Event: 6.086 Loading class java/util/stream/DistinctOps$1$2
Event: 6.086 Loading class java/util/stream/DistinctOps$1$2 done
Event: 6.269 Loading class java/lang/UnsupportedClassVersionError
Event: 6.269 Loading class java/lang/UnsupportedClassVersionError done

Classes unloaded (17 events):
Event: 1.993 Thread 0x0000012c1ee60bb0 Unloading class 0x0000012c371ad400 'java/lang/invoke/LambdaForm$MH+0x0000012c371ad400'
Event: 1.993 Thread 0x0000012c1ee60bb0 Unloading class 0x0000012c371ad000 'java/lang/invoke/LambdaForm$MH+0x0000012c371ad000'
Event: 1.993 Thread 0x0000012c1ee60bb0 Unloading class 0x0000012c371acc00 'java/lang/invoke/LambdaForm$MH+0x0000012c371acc00'
Event: 1.993 Thread 0x0000012c1ee60bb0 Unloading class 0x0000012c371ac800 'java/lang/invoke/LambdaForm$MH+0x0000012c371ac800'
Event: 1.993 Thread 0x0000012c1ee60bb0 Unloading class 0x0000012c371ac400 'java/lang/invoke/LambdaForm$BMH+0x0000012c371ac400'
Event: 1.993 Thread 0x0000012c1ee60bb0 Unloading class 0x0000012c371ac000 'java/lang/invoke/LambdaForm$DMH+0x0000012c371ac000'
Event: 1.993 Thread 0x0000012c1ee60bb0 Unloading class 0x0000012c371aac00 'java/lang/invoke/LambdaForm$DMH+0x0000012c371aac00'
Event: 6.206 Thread 0x0000012c1ee60bb0 Unloading class 0x0000012c37653000 'java/lang/invoke/LambdaForm$MH+0x0000012c37653000'
Event: 6.206 Thread 0x0000012c1ee60bb0 Unloading class 0x0000012c37652800 'java/lang/invoke/LambdaForm$MH+0x0000012c37652800'
Event: 6.206 Thread 0x0000012c1ee60bb0 Unloading class 0x0000012c37652c00 'java/lang/invoke/LambdaForm$MH+0x0000012c37652c00'
Event: 6.206 Thread 0x0000012c1ee60bb0 Unloading class 0x0000012c37652000 'java/lang/invoke/LambdaForm$MH+0x0000012c37652000'
Event: 6.206 Thread 0x0000012c1ee60bb0 Unloading class 0x0000012c37651c00 'java/lang/invoke/LambdaForm$MH+0x0000012c37651c00'
Event: 6.206 Thread 0x0000012c1ee60bb0 Unloading class 0x0000012c37651800 'java/lang/invoke/LambdaForm$MH+0x0000012c37651800'
Event: 6.206 Thread 0x0000012c1ee60bb0 Unloading class 0x0000012c37651000 'java/lang/invoke/LambdaForm$MH+0x0000012c37651000'
Event: 6.206 Thread 0x0000012c1ee60bb0 Unloading class 0x0000012c37650c00 'java/lang/invoke/LambdaForm$MH+0x0000012c37650c00'
Event: 6.206 Thread 0x0000012c1ee60bb0 Unloading class 0x0000012c37650800 'java/lang/invoke/LambdaForm$MH+0x0000012c37650800'
Event: 6.206 Thread 0x0000012c1ee60bb0 Unloading class 0x0000012c37650400 'java/lang/invoke/LambdaForm$MH+0x0000012c37650400'

Classes redefined (0 events):
No events

Internal exceptions (20 events):
Event: 5.822 Thread 0x0000012c7e6262d0 Implicit null exception at 0x0000012c29b40f82 to 0x0000012c29b41dbc
Event: 5.830 Thread 0x0000012c7e50c010 Implicit null exception at 0x0000012c29e073a1 to 0x0000012c29e076b4
Event: 5.838 Thread 0x0000012c7de3aec0 Exception <a 'java/io/FileNotFoundException'{0x00000000d5605168}> (0x00000000d5605168) 
thrown [s\src\hotspot\share\prims\jni.cpp, line 520]
Event: 5.838 Thread 0x0000012c7de3aec0 Exception <a 'java/io/FileNotFoundException'{0x00000000d5606428}> (0x00000000d5606428) 
thrown [s\src\hotspot\share\prims\jni.cpp, line 520]
Event: 5.839 Thread 0x0000012c7de3aec0 Exception <a 'java/io/FileNotFoundException'{0x00000000d5607808}> (0x00000000d5607808) 
thrown [s\src\hotspot\share\prims\jni.cpp, line 520]
Event: 5.859 Thread 0x0000012c7de3aec0 Exception <a 'sun/nio/fs/WindowsException'{0x00000000d60804d8}> (0x00000000d60804d8) 
thrown [s\src\hotspot\share\prims\jni.cpp, line 520]
Event: 5.859 Thread 0x0000012c7de3aec0 Exception <a 'sun/nio/fs/WindowsException'{0x00000000d6080be8}> (0x00000000d6080be8) 
thrown [s\src\hotspot\share\prims\jni.cpp, line 520]
Event: 5.861 Thread 0x0000012c7de3aec0 Exception <a 'sun/nio/fs/WindowsException'{0x00000000d6081bd0}> (0x00000000d6081bd0) 
thrown [s\src\hotspot\share\prims\jni.cpp, line 520]
Event: 5.861 Thread 0x0000012c7de3aec0 Exception <a 'sun/nio/fs/WindowsException'{0x00000000d60822e0}> (0x00000000d60822e0) 
thrown [s\src\hotspot\share\prims\jni.cpp, line 520]
Event: 5.862 Thread 0x0000012c7e6255b0 Exception <a 'java/lang/IncompatibleClassChangeError'{0x00000000d615af00}: Found class java.lang.Object, but interface was expected> (0x00000000d615af00) 
thrown [s\src\hotspot\share\interpreter\linkResolver.cpp, line 840]
Event: 5.866 Thread 0x0000012c7de3aec0 Exception <a 'java/io/FileNotFoundException'{0x00000000d632aea0}> (0x00000000d632aea0) 
thrown [s\src\hotspot\share\prims\jni.cpp, line 520]
Event: 5.867 Thread 0x0000012c7de3aec0 Exception <a 'java/io/FileNotFoundException'{0x00000000d632c010}> (0x00000000d632c010) 
thrown [s\src\hotspot\share\prims\jni.cpp, line 520]
Event: 5.876 Thread 0x0000012c7de3aec0 Exception <a 'sun/nio/fs/WindowsException'{0x00000000d55abc68}> (0x00000000d55abc68) 
thrown [s\src\hotspot\share\prims\jni.cpp, line 520]
Event: 5.876 Thread 0x0000012c7de3aec0 Exception <a 'sun/nio/fs/WindowsException'{0x00000000d55ac378}> (0x00000000d55ac378) 
thrown [s\src\hotspot\share\prims\jni.cpp, line 520]
Event: 6.058 Thread 0x0000012c7e50c010 Implicit null exception at 0x0000012c29f0a506 to 0x0000012c29f0a610
Event: 6.065 Thread 0x0000012c7de3aec0 Exception <a 'java/lang/NoSuchMethodError'{0x00000000d55ce358}: 'void java.lang.invoke.DirectMethodHandle$Holder.invokeStatic(java.lang.Object, java.lang.Object, java.lang.Object, int)'> (0x00000000d55ce358) 
thrown [s\src\hotspot\share\interpreter\linkResolver.cpp, line 773]
Event: 6.077 Thread 0x0000012c7de3aec0 Exception <a 'java/lang/NoSuchMethodError'{0x00000000d63ac380}: 'void java.lang.invoke.DirectMethodHandle$Holder.invokeVirtual(java.lang.Object, java.lang.Object, int)'> (0x00000000d63ac380) 
thrown [s\src\hotspot\share\interpreter\linkResolver.cpp, line 773]
Event: 6.170 Thread 0x0000012c7de3a830 Exception <a 'java/lang/NoSuchMethodError'{0x00000000d6415698}: 'java.lang.Object java.lang.invoke.DirectMethodHandle$Holder.invokeSpecial(java.lang.Object, java.lang.Object, int, long)'> (0x00000000d6415698) 
thrown [s\src\hotspot\share\interpreter\linkResolver.cpp, line 773]
Event: 6.190 Thread 0x0000012c7e50cd30 Exception <a 'java/lang/ArrayIndexOutOfBoundsException'{0x00000000d655e280}> (0x00000000d655e280) 
thrown [s\src\hotspot\share\runtime\sharedRuntime.cpp, line 625]
Event: 6.297 Thread 0x0000012c7e50da50 Exception <a 'java/lang/NoSuchMethodError'{0x00000000d5c49d58}: 'int java.lang.invoke.Invokers$Holder.invokeExact_MT(java.lang.Object, java.lang.Object)'> (0x00000000d5c49d58) 
thrown [s\src\hotspot\share\interpreter\linkResolver.cpp, line 773]

ZGC Phase Switch (0 events):
No events

VM Operations (20 events):
Event: 6.384 Executing VM operation: ParallelGCFailedAllocation (Allocation Failure) done
Event: 6.393 Executing VM operation: ParallelGCFailedAllocation (Allocation Failure)
Event: 6.395 Executing VM operation: ParallelGCFailedAllocation (Allocation Failure) done
Event: 6.411 Executing VM operation: ParallelGCFailedAllocation (Allocation Failure)
Event: 6.412 Executing VM operation: ParallelGCFailedAllocation (Allocation Failure) done
Event: 6.425 Executing VM operation: ParallelGCFailedAllocation (Allocation Failure)
Event: 6.427 Executing VM operation: ParallelGCFailedAllocation (Allocation Failure) done
Event: 6.439 Executing VM operation: ParallelGCFailedAllocation (Allocation Failure)
Event: 6.441 Executing VM operation: ParallelGCFailedAllocation (Allocation Failure) done
Event: 6.449 Executing VM operation: ParallelGCFailedAllocation (Allocation Failure)
Event: 6.450 Executing VM operation: ParallelGCFailedAllocation (Allocation Failure) done
Event: 6.462 Executing VM operation: ParallelGCFailedAllocation (Allocation Failure)
Event: 6.463 Executing VM operation: ParallelGCFailedAllocation (Allocation Failure) done
Event: 6.475 Executing VM operation: ParallelGCFailedAllocation (Allocation Failure)
Event: 6.476 Executing VM operation: ParallelGCFailedAllocation (Allocation Failure) done
Event: 6.507 Executing VM operation: ParallelGCFailedAllocation (Allocation Failure)
Event: 6.508 Executing VM operation: ParallelGCFailedAllocation (Allocation Failure) done
Event: 6.522 Executing VM operation: ParallelGCFailedAllocation (Allocation Failure)
Event: 6.524 Executing VM operation: ParallelGCFailedAllocation (Allocation Failure) done
Event: 6.538 Executing VM operation: ParallelGCFailedAllocation (Allocation Failure)

Memory protections (0 events):
No events

Nmethod flushes (20 events):
Event: 6.220 Thread 0x0000012c1ee60bb0 flushing osr nmethod 0x0000012c22805c90
Event: 6.220 Thread 0x0000012c1ee60bb0 flushing  nmethod 0x0000012c22825410
Event: 6.220 Thread 0x0000012c1ee60bb0 flushing  nmethod 0x0000012c22825710
Event: 6.220 Thread 0x0000012c1ee60bb0 flushing  nmethod 0x0000012c2283aa90
Event: 6.220 Thread 0x0000012c1ee60bb0 flushing  nmethod 0x0000012c2283df90
Event: 6.220 Thread 0x0000012c1ee60bb0 flushing  nmethod 0x0000012c2283e310
Event: 6.220 Thread 0x0000012c1ee60bb0 flushing  nmethod 0x0000012c2283f590
Event: 6.220 Thread 0x0000012c1ee60bb0 flushing  nmethod 0x0000012c22840790
Event: 6.220 Thread 0x0000012c1ee60bb0 flushing  nmethod 0x0000012c22858290
Event: 6.220 Thread 0x0000012c1ee60bb0 flushing  nmethod 0x0000012c22858990
Event: 6.220 Thread 0x0000012c1ee60bb0 flushing  nmethod 0x0000012c22858f90
Event: 6.220 Thread 0x0000012c1ee60bb0 flushing  nmethod 0x0000012c22859e10
Event: 6.220 Thread 0x0000012c1ee60bb0 flushing  nmethod 0x0000012c2285d610
Event: 6.220 Thread 0x0000012c1ee60bb0 flushing  nmethod 0x0000012c2287f090
Event: 6.220 Thread 0x0000012c1ee60bb0 flushing  nmethod 0x0000012c22895690
Event: 6.220 Thread 0x0000012c1ee60bb0 flushing osr nmethod 0x0000012c228b8410
Event: 6.220 Thread 0x0000012c1ee60bb0 flushing  nmethod 0x0000012c228dca90
Event: 6.220 Thread 0x0000012c1ee60bb0 flushing  nmethod 0x0000012c228de390
Event: 6.220 Thread 0x0000012c1ee60bb0 flushing  nmethod 0x0000012c228e2810
Event: 6.220 Thread 0x0000012c1ee60bb0 flushing  nmethod 0x0000012c228ec590

Events (20 events):
Event: 2.579 Thread 0x0000012c1c96a480 Thread added: 0x0000012c7e6234e0
Event: 2.579 Thread 0x0000012c1c96a480 Thread added: 0x0000012c7e620060
Event: 2.579 Thread 0x0000012c1c96a480 Thread added: 0x0000012c7e623b70
Event: 2.579 Thread 0x0000012c1c96a480 Thread added: 0x0000012c7e624200
Event: 2.579 Thread 0x0000012c1c96a480 Thread added: 0x0000012c7e624890
Event: 2.579 Thread 0x0000012c1c96a480 Thread added: 0x0000012c7e621410
Event: 2.600 Thread 0x0000012c1c96a480 Thread added: 0x0000012c7e627680
Event: 2.756 Thread 0x0000012c1c96a480 Thread added: 0x0000012c7e624f20
Event: 2.757 Thread 0x0000012c1c96a480 Thread added: 0x0000012c7e6255b0
Event: 2.846 Thread 0x0000012c7de3a830 Thread added: 0x0000012c7e625c40
Event: 2.846 Thread 0x0000012c7de3a830 Thread added: 0x0000012c7e6262d0
Event: 2.846 Thread 0x0000012c7e625c40 Thread added: 0x0000012c7e626960
Event: 2.846 Thread 0x0000012c7e6262d0 Thread added: 0x0000012c7e626ff0
Event: 2.846 Thread 0x0000012c7e626960 Thread added: 0x0000012c7e50c010
Event: 2.846 Thread 0x0000012c7e626ff0 Thread added: 0x0000012c7e50e0e0
Event: 2.847 Thread 0x0000012c7e626960 Thread added: 0x0000012c7e50c6a0
Event: 2.847 Thread 0x0000012c7e50c010 Thread added: 0x0000012c7e50cd30
Event: 2.847 Thread 0x0000012c7e50e0e0 Thread added: 0x0000012c7e50ee00
Event: 2.847 Thread 0x0000012c7e50c6a0 Thread added: 0x0000012c7e50da50
Event: 2.847 Thread 0x0000012c7e50cd30 Thread added: 0x0000012c7e5101b0


Dynamic libraries:
0x00007ff7b2360000 - 0x00007ff7b236e000 	c:\Users\Joseo\.vscode\extensions\redhat.java-1.52.0-win32-x64\jre\21.0.9-win32-x86_64\bin\java.exe
0x00007ff90ec40000 - 0x00007ff90eea8000 	C:\WINDOWS\SYSTEM32\ntdll.dll
0x00007ff90e090000 - 0x00007ff90e159000 	C:\WINDOWS\System32\KERNEL32.DLL
0x00007ff90c460000 - 0x00007ff90c851000 	C:\WINDOWS\System32\KERNELBASE.dll
0x00007ff90b520000 - 0x00007ff90b66b000 	C:\WINDOWS\System32\ucrtbase.dll
0x00007ff8d9100000 - 0x00007ff8d911e000 	c:\Users\Joseo\.vscode\extensions\redhat.java-1.52.0-win32-x64\jre\21.0.9-win32-x86_64\bin\VCRUNTIME140.dll
0x00007ff8d90e0000 - 0x00007ff8d90f8000 	c:\Users\Joseo\.vscode\extensions\redhat.java-1.52.0-win32-x64\jre\21.0.9-win32-x86_64\bin\jli.dll
0x00007ff90c9e0000 - 0x00007ff90cba6000 	C:\WINDOWS\System32\USER32.dll
0x00007ff8ef360000 - 0x00007ff8ef5f3000 	C:\WINDOWS\WinSxS\amd64_microsoft.windows.common-controls_6595b64144ccf1df_6.0.26100.7705_none_3e06597ae3363b04\COMCTL32.dll
0x00007ff90e170000 - 0x00007ff90e219000 	C:\WINDOWS\System32\msvcrt.dll
0x00007ff90c430000 - 0x00007ff90c457000 	C:\WINDOWS\System32\win32u.dll
0x00007ff90e860000 - 0x00007ff90e88b000 	C:\WINDOWS\System32\GDI32.dll
0x00007ff90ba90000 - 0x00007ff90bbbb000 	C:\WINDOWS\System32\gdi32full.dll
0x00007ff90b7b0000 - 0x00007ff90b853000 	C:\WINDOWS\System32\msvcp_win.dll
0x00007ff90e560000 - 0x00007ff90e591000 	C:\WINDOWS\System32\IMM32.DLL
0x00007ff9040f0000 - 0x00007ff9040fc000 	c:\Users\Joseo\.vscode\extensions\redhat.java-1.52.0-win32-x64\jre\21.0.9-win32-x86_64\bin\vcruntime140_1.dll
0x00007ff8d8d40000 - 0x00007ff8d8dcd000 	c:\Users\Joseo\.vscode\extensions\redhat.java-1.52.0-win32-x64\jre\21.0.9-win32-x86_64\bin\msvcp140.dll
0x00007ff80b220000 - 0x00007ff80bfc0000 	c:\Users\Joseo\.vscode\extensions\redhat.java-1.52.0-win32-x64\jre\21.0.9-win32-x86_64\bin\server\jvm.dll
0x00007ff90e7a0000 - 0x00007ff90e854000 	C:\WINDOWS\System32\ADVAPI32.dll
0x00007ff90e230000 - 0x00007ff90e2d6000 	C:\WINDOWS\System32\sechost.dll
0x00007ff90d4c0000 - 0x00007ff90d5d8000 	C:\WINDOWS\System32\RPCRT4.dll
0x00007ff90e9e0000 - 0x00007ff90ea54000 	C:\WINDOWS\System32\WS2_32.dll
0x00007ff90a110000 - 0x00007ff90a16e000 	C:\WINDOWS\SYSTEM32\POWRPROF.dll
0x00007ff8ffac0000 - 0x00007ff8ffacb000 	C:\WINDOWS\SYSTEM32\VERSION.dll
0x00007ff8f6750000 - 0x00007ff8f6785000 	C:\WINDOWS\SYSTEM32\WINMM.dll
0x00007ff90a0f0000 - 0x00007ff90a104000 	C:\WINDOWS\SYSTEM32\UMPDC.dll
0x00007ff90a3d0000 - 0x00007ff90a3eb000 	C:\WINDOWS\SYSTEM32\kernel.appcore.dll
0x00007ff9040c0000 - 0x00007ff9040ca000 	c:\Users\Joseo\.vscode\extensions\redhat.java-1.52.0-win32-x64\jre\21.0.9-win32-x86_64\bin\jimage.dll
0x00007ff9094b0000 - 0x00007ff9096f2000 	C:\WINDOWS\SYSTEM32\DBGHELP.DLL
0x00007ff90d130000 - 0x00007ff90d4b6000 	C:\WINDOWS\System32\combase.dll
0x00007ff90d050000 - 0x00007ff90d127000 	C:\WINDOWS\System32\OLEAUT32.dll
0x00007ff8e9500000 - 0x00007ff8e953b000 	C:\WINDOWS\SYSTEM32\dbgcore.DLL
0x00007ff90b670000 - 0x00007ff90b715000 	C:\WINDOWS\System32\bcryptPrimitives.dll
0x00007ff903fb0000 - 0x00007ff903fbf000 	c:\Users\Joseo\.vscode\extensions\redhat.java-1.52.0-win32-x64\jre\21.0.9-win32-x86_64\bin\instrument.dll
0x00007ff8ffd40000 - 0x00007ff8ffd60000 	c:\Users\Joseo\.vscode\extensions\redhat.java-1.52.0-win32-x64\jre\21.0.9-win32-x86_64\bin\java.dll
0x00007ff90d6a0000 - 0x00007ff90ddf1000 	C:\WINDOWS\System32\SHELL32.dll
0x00007ff90b860000 - 0x00007ff90b9ca000 	C:\WINDOWS\System32\wintypes.dll
0x00007ff90bbc0000 - 0x00007ff90c422000 	C:\WINDOWS\System32\windows.storage.dll
0x00007ff90e890000 - 0x00007ff90e986000 	C:\WINDOWS\System32\SHCORE.dll
0x00007ff90e700000 - 0x00007ff90e767000 	C:\WINDOWS\System32\shlwapi.dll
0x00007ff90b440000 - 0x00007ff90b469000 	C:\WINDOWS\SYSTEM32\profapi.dll
0x00007ff8ee5c0000 - 0x00007ff8ee5d8000 	c:\Users\Joseo\.vscode\extensions\redhat.java-1.52.0-win32-x64\jre\21.0.9-win32-x86_64\bin\zip.dll
0x00007ff8ee5b0000 - 0x00007ff8ee5c0000 	C:\Users\Joseo\.vscode\extensions\redhat.java-1.52.0-win32-x64\jre\21.0.9-win32-x86_64\bin\net.dll
0x00007ff901390000 - 0x00007ff9014b7000 	C:\WINDOWS\SYSTEM32\WINHTTP.dll
0x00007ff90a960000 - 0x00007ff90a9cb000 	C:\WINDOWS\system32\mswsock.dll
0x00007ff8ee590000 - 0x00007ff8ee5a6000 	C:\Users\Joseo\.vscode\extensions\redhat.java-1.52.0-win32-x64\jre\21.0.9-win32-x86_64\bin\nio.dll
0x00007ff8df4d0000 - 0x00007ff8df4e0000 	c:\Users\Joseo\.vscode\extensions\redhat.java-1.52.0-win32-x64\jre\21.0.9-win32-x86_64\bin\verify.dll
0x00007ff8d8cf0000 - 0x00007ff8d8d35000 	C:\Users\Joseo\AppData\Roaming\Code\User\globalStorage\redhat.java\1.52.0\config_win\org.eclipse.equinox.launcher\org.eclipse.equinox.launcher.win32.win32.x86_64_1.2.1500.v20260121-1430\eclipse_11919.dll
0x00007ff90ea60000 - 0x00007ff90ebf7000 	C:\WINDOWS\System32\ole32.dll
0x00007ff90ac20000 - 0x00007ff90ac3b000 	C:\WINDOWS\SYSTEM32\CRYPTSP.dll
0x00007ff90a320000 - 0x00007ff90a359000 	C:\WINDOWS\system32\rsaenh.dll
0x00007ff90aa10000 - 0x00007ff90aa3b000 	C:\WINDOWS\SYSTEM32\USERENV.dll
0x00007ff90b410000 - 0x00007ff90b43a000 	C:\WINDOWS\SYSTEM32\bcrypt.dll
0x00007ff90ac40000 - 0x00007ff90ac4c000 	C:\WINDOWS\SYSTEM32\CRYPTBASE.dll
0x00007ff909d70000 - 0x00007ff909da4000 	C:\WINDOWS\SYSTEM32\IPHLPAPI.DLL
0x00007ff90e220000 - 0x00007ff90e22a000 	C:\WINDOWS\System32\NSI.dll
0x00007ff8d8ca0000 - 0x00007ff8d8ce9000 	C:\Users\Joseo\AppData\Local\Temp\jna-71761112\jna10252091444713684167.dll
0x00007ff90e550000 - 0x00007ff90e558000 	C:\WINDOWS\System32\PSAPI.DLL
0x00007ff901360000 - 0x00007ff90137e000 	C:\WINDOWS\SYSTEM32\dhcpcsvc6.DLL
0x00007ff901330000 - 0x00007ff901353000 	C:\WINDOWS\SYSTEM32\dhcpcsvc.DLL

JVMTI agents:
c:\Users\Joseo\.vscode\extensions\redhat.java-1.52.0-win32-x64\lombok\lombok-1.18.39-4050.jar path:c:\Users\Joseo\.vscode\extensions\redhat.java-1.52.0-win32-x64\jre\21.0.9-win32-x86_64\bin\instrument.dll, loaded, initialized, instrumentlib options:none

dbghelp: loaded successfully - version: 4.0.5 - missing functions: none
symbol engine: initialized successfully - sym options: 0x614 - pdb path: .;c:\Users\Joseo\.vscode\extensions\redhat.java-1.52.0-win32-x64\jre\21.0.9-win32-x86_64\bin;C:\WINDOWS\SYSTEM32;C:\WINDOWS\WinSxS\amd64_microsoft.windows.common-controls_6595b64144ccf1df_6.0.26100.7705_none_3e06597ae3363b04;c:\Users\Joseo\.vscode\extensions\redhat.java-1.52.0-win32-x64\jre\21.0.9-win32-x86_64\bin\server;C:\Users\Joseo\AppData\Roaming\Code\User\globalStorage\redhat.java\1.52.0\config_win\org.eclipse.equinox.launcher\org.eclipse.equinox.launcher.win32.win32.x86_64_1.2.1500.v20260121-1430;C:\Users\Joseo\AppData\Local\Temp\jna-71761112

VM Arguments:
jvm_args: --add-modules=ALL-SYSTEM --add-opens=java.base/java.util=ALL-UNNAMED --add-opens=java.base/java.lang=ALL-UNNAMED --add-opens=java.base/sun.nio.fs=ALL-UNNAMED -Declipse.application=org.eclipse.jdt.ls.core.id1 -Dosgi.bundles.defaultStartLevel=4 -Declipse.product=org.eclipse.jdt.ls.core.product -Djava.import.generatesMetadataFilesAtProjectRoot=false -DDetectVMInstallationsJob.disabled=true -Dfile.encoding=utf8 -XX:+UseParallelGC -XX:GCTimeRatio=4 -XX:AdaptiveSizePolicyWeight=90 -Dsun.zip.disableMemoryMapping=true -Xmx2G -Xms100m -Xlog:disable -javaagent:c:\Users\Joseo\.vscode\extensions\redhat.java-1.52.0-win32-x64\lombok\lombok-1.18.39-4050.jar -XX:+HeapDumpOnOutOfMemoryError -XX:HeapDumpPath=c:\Users\Joseo\AppData\Roaming\Code\User\workspaceStorage\a69c08ec4294a9e46b62510d91ef7044\redhat.java -Daether.dependencyCollector.impl=bf 
java_command: c:\Users\Joseo\.vscode\extensions\redhat.java-1.52.0-win32-x64\server\plugins\org.eclipse.equinox.launcher_1.7.100.v20251111-0406.jar -configuration c:\Users\Joseo\AppData\Roaming\Code\User\globalStorage\redhat.java\1.52.0\config_win -data c:\Users\Joseo\AppData\Roaming\Code\User\workspaceStorage\a69c08ec4294a9e46b62510d91ef7044\redhat.java\jdt_ws --pipe=\\.\pipe\lsp-951138908a69f92360a960c159c678d5-sock
java_class_path (initial): c:\Users\Joseo\.vscode\extensions\redhat.java-1.52.0-win32-x64\server\plugins\org.eclipse.equinox.launcher_1.7.100.v20251111-0406.jar
Launcher Type: SUN_STANDARD

[Global flags]
    uintx AdaptiveSizePolicyWeight                 = 90                                        {product} {command line}
     intx CICompilerCount                          = 4                                         {product} {ergonomic}
    uintx GCTimeRatio                              = 4                                         {product} {command line}
     bool HeapDumpOnOutOfMemoryError               = true                                   {manageable} {command line}
    ccstr HeapDumpPath                             = c:\Users\Joseo\AppData\Roaming\Code\User\workspaceStorage\a69c08ec4294a9e46b62510d91ef7044\redhat.java         {manageable} {command line}
   size_t InitialHeapSize                          = 104857600                                 {product} {command line}
   size_t MaxHeapSize                              = 2147483648                                {product} {command line}
   size_t MaxNewSize                               = 715653120                                 {product} {ergonomic}
   size_t MinHeapDeltaBytes                        = 524288                                    {product} {ergonomic}
   size_t MinHeapSize                              = 104857600                                 {product} {command line}
   size_t NewSize                                  = 34603008                                  {product} {ergonomic}
    uintx NonNMethodCodeHeapSize                   = 5839372                                {pd product} {ergonomic}
    uintx NonProfiledCodeHeapSize                  = 122909434                              {pd product} {ergonomic}
   size_t OldSize                                  = 70254592                                  {product} {ergonomic}
    uintx ProfiledCodeHeapSize                     = 122909434                              {pd product} {ergonomic}
    uintx ReservedCodeCacheSize                    = 251658240                              {pd product} {ergonomic}
     bool SegmentedCodeCache                       = true                                      {product} {ergonomic}
   size_t SoftMaxHeapSize                          = 2147483648                             {manageable} {ergonomic}
     bool UseCompressedOops                        = true                           {product lp64_product} {ergonomic}
     bool UseLargePagesIndividualAllocation        = false                                  {pd product} {ergonomic}
     bool UseParallelGC                            = true                                      {product} {command line}

Logging:
Log output configuration:
 #0: stdout all=off uptime,level,tags foldmultilines=false
 #1: stderr all=off uptime,level,tags foldmultilines=false

Release file:
JAVA_VERSION="21.0.9" 
MODULES="java.base java.compiler java.datatransfer java.xml java.prefs java.desktop java.instrument java.logging java.management java.security.sasl java.naming java.rmi java.management.rmi java.net.http java.scripting java.security.jgss java.transaction.xa java.sql java.sql.rowset java.xml.crypto java.se java.smartcardio jdk.accessibility jdk.internal.jvmstat jdk.attach jdk.charsets jdk.internal.opt jdk.zipfs jdk.compiler jdk.crypto.ec jdk.crypto.cryptoki jdk.crypto.mscapi jdk.dynalink jdk.internal.ed jdk.editpad jdk.hotspot.agent jdk.httpserver jdk.internal.le jdk.internal.vm.ci jdk.internal.vm.compiler jdk.internal.vm.compiler.management jdk.jartool jdk.javadoc jdk.jcmd jdk.management jdk.management.agent jdk.jconsole jdk.jdeps jdk.jdwp.agent jdk.jdi jdk.jfr jdk.jshell jdk.jsobject jdk.jstatd jdk.localedata jdk.management.jfr jdk.naming.dns jdk.naming.rmi jdk.net jdk.nio.mapmode jdk.random jdk.sctp jdk.security.auth jdk.security.jgss jdk.unsupported jdk.unsupported.desktop jdk.xml.dom" 

Environment Variables:
JAVA_HOME=C:\Program Files\Eclipse Adoptium\jdk-25.0.1.8-hotspot
PATH=C:\Program Files\Eclipse Adoptium\jdk-25.0.1.8-hotspot\bin;C:\Program Files (x86)\Common Files\Oracle\Java\java8path;C:\Program Files (x86)\Common Files\Oracle\Java\javapath;C:\Windows\system32;C:\Windows;C:\Windows\System32\Wbem;C:\Windows\System32\WindowsPowerShell\v1.0\;C:\Windows\System32\OpenSSH\;C:\Program Files (x86)\NVIDIA Corporation\PhysX\Common;C:\WINDOWS\system32;C:\WINDOWS;C:\WINDOWS\System32\Wbem;C:\WINDOWS\System32\WindowsPowerShell\v1.0\;C:\WINDOWS\System32\OpenSSH\;C:\Program Files\Git\cmd;C:\Program Files\dotnet\;C:\Program Files\NVIDIA Corporation\NVIDIA app\NvDLISR;C:\Program Files\Docker\Docker\resources\bin;C:\Program Files\Eclipse Adoptium\jdk-25.0.1.8-hotspot\bin;C:\Users\Joseo\AppData\Local\nvm;C:\nvm4w\nodejs;C:\Program Files\Eclipse Adoptium\jdk-25.0.1.8-hotspot\bin;C:\Program Files (x86)\Common Files\Oracle\Java\java8path;C:\Program Files (x86)\Common Files\Oracle\Java\javapath;C:\Windows\system32;C:\Windows;C:\Windows\System32\Wbem;C:\Windows\System32\WindowsPowerShell\v1.0\;C:\Windows\System32\OpenSSH\;C:\Program Files (x86)\NVIDIA Corporation\PhysX\Common;C:\WINDOWS\system32;C:\WINDOWS;C:\WINDOWS\System32\Wbem;C:\WINDOWS\System32\WindowsPowerShell\v1.0\;C:\WINDOWS\System32\OpenSSH\;C:\Program Files\Git\cmd;C:\Program Files\dotnet\;C:\Program Files\NVIDIA Corporation\NVIDIA app\NvDLISR;C:\Program Files\Docker\Docker\resources\bin;C:\Program Files\Eclipse Adoptium\jdk-25.0.1.8-hotspot\bin;C:\Users\Joseo\AppData\Local\nvm;C:\nvm4w\nodejs;;C:\Users\Joseo\AppData\Local\nvm;C:\Users\Joseo\AppData\Local\nvm\nodejs
USERNAME=Joseo
OS=Windows_NT
PROCESSOR_IDENTIFIER=Intel64 Family 6 Model 141 Stepping 1, GenuineIntel
TMP=C:\Users\Joseo\AppData\Local\Temp
TEMP=C:\Users\Joseo\AppData\Local\Temp




Periodic native trim disabled

---------------  S Y S T E M  ---------------

OS:
 Windows 11 , 64 bit Build 26100 (10.0.26100.7705)
OS uptime: 0 days 0:54 hours
Hyper-V role detected

CPU: total 12 (initial active 12) (6 cores per cpu, 2 threads per core) family 6 model 141 stepping 1 microcode 0x3c, cx8, cmov, fxsr, ht, mmx, 3dnowpref, sse, sse2, sse3, ssse3, sse4.1, sse4.2, popcnt, lzcnt, tsc, tscinvbit, avx, avx2, aes, erms, clmul, bmi1, bmi2, adx, avx512f, avx512dq, avx512cd, avx512bw, avx512vl, sha, fma, vzeroupper, avx512_vpopcntdq, avx512_vpclmulqdq, avx512_vaes, avx512_vnni, clflush, clflushopt, clwb, avx512_vbmi2, avx512_vbmi, hv, rdtscp, rdpid, fsrm, gfni, avx512_bitalg, f16c, cet_ibt, cet_ss, avx512_ifma
Processor Information for the first 12 processors :
  Max Mhz: 2688, Current Mhz: 2688, Mhz Limit: 2688

Memory: 4k page, system-wide physical 16147M (2008M free)
TotalPageFile size 20475M (AvailPageFile size 4M)
current process WorkingSet (physical memory assigned to process): 295M, peak: 296M
current process commit charge ("private bytes"): 378M, peak: 380M

vm_info: OpenJDK 64-Bit Server VM (21.0.9+10-LTS) for windows-amd64 JRE (21.0.9+10-LTS), built on 2025-10-21T00:00:00Z by "admin" with unknown MS VC++:1942

END.
