#
# There is insufficient memory for the Java Runtime Environment to continue.
# Native memory allocation (mmap) failed to map 65536 bytes. Error detail: Failed to commit metaspace.
# Possible reasons:
#   The system is out of physical RAM or swap space
#   This process is running with CompressedOops enabled, and the Java Heap may be blocking the growth of the native heap
# Possible solutions:
#   Reduce memory load on the system
#   Increase physical memory or swap space
#   Check if swap backing store is full
#   Decrease Java heap size (-Xmx/-Xms)
#   Decrease number of Java threads
#   Decrease Java thread stack sizes (-Xss)
#   Set larger code cache with -XX:ReservedCodeCacheSize=
#   JVM is running with Unscaled Compressed Oops mode in which the Java heap is
#     placed in the first 4GB address space. The Java Heap base address is the
#     maximum limit for the native heap growth. Please use -XX:HeapBaseMinAddress
#     to set the Java Heap base and to place the Java Heap above 4GB virtual address.
# This output file may be truncated or incomplete.
#
#  Out of Memory Error (virtualSpaceNode.cpp:113), pid=11672, tid=18720
#
# JRE version: OpenJDK Runtime Environment Temurin-21.0.9+10 (21.0.9+10) (build 21.0.9+10-LTS)
# Java VM: OpenJDK 64-Bit Server VM Temurin-21.0.9+10 (21.0.9+10-LTS, mixed mode, sharing, tiered, compressed oops, compressed class ptrs, parallel gc, windows-amd64)
# No core dump will be written. Minidumps are not enabled by default on client versions of Windows
#

---------------  S U M M A R Y ------------

Command Line: --add-modules=ALL-SYSTEM --add-opens=java.base/java.util=ALL-UNNAMED --add-opens=java.base/java.lang=ALL-UNNAMED --add-opens=java.base/sun.nio.fs=ALL-UNNAMED -Declipse.application=org.eclipse.jdt.ls.core.id1 -Dosgi.bundles.defaultStartLevel=4 -Declipse.product=org.eclipse.jdt.ls.core.product -Djava.import.generatesMetadataFilesAtProjectRoot=false -DDetectVMInstallationsJob.disabled=true -Dfile.encoding=utf8 -XX:+UseParallelGC -XX:GCTimeRatio=4 -XX:AdaptiveSizePolicyWeight=90 -Dsun.zip.disableMemoryMapping=true -Xmx2G -Xms100m -Xlog:disable -javaagent:c:\Users\Joseo\.vscode\extensions\redhat.java-1.52.0-win32-x64\lombok\lombok-1.18.39-4050.jar -XX:+HeapDumpOnOutOfMemoryError -XX:HeapDumpPath=c:\Users\Joseo\AppData\Roaming\Code\User\workspaceStorage\a69c08ec4294a9e46b62510d91ef7044\redhat.java -Daether.dependencyCollector.impl=bf c:\Users\Joseo\.vscode\extensions\redhat.java-1.52.0-win32-x64\server\plugins\org.eclipse.equinox.launcher_1.7.100.v20251111-0406.jar -configuration c:\Users\Joseo\AppData\Roaming\Code\User\globalStorage\redhat.java\1.52.0\config_win -data c:\Users\Joseo\AppData\Roaming\Code\User\workspaceStorage\a69c08ec4294a9e46b62510d91ef7044\redhat.java\jdt_ws --pipe=\\.\pipe\lsp-4e14c27df2232b9d62f16f12ee44248d-sock

Host: 11th Gen Intel(R) Core(TM) i5-11400H @ 2.70GHz, 12 cores, 15G,  Windows 11 , 64 bit Build 26100 (10.0.26100.7705)
Time: Sun Feb  1 11:41:59 2026 Paris, Madrid elapsed time: 19.992645 seconds (0d 0h 0m 19s)

---------------  T H R E A D  ---------------

Current thread (0x00000211d3cd3c10):  JavaThread "Framework Event Dispatcher: Equinox Container: 6607e500-06c2-4762-b871-41a1afb2eebe" daemon [_thread_in_vm, id=18720, stack(0x000000369d000000,0x000000369d100000) (1024K)]

Stack: [0x000000369d000000,0x000000369d100000]
Native frames: (J=compiled Java code, j=interpreted, Vv=VM code, C=native code)
V  [jvm.dll+0x6d6e29]
V  [jvm.dll+0x8b4b76]
V  [jvm.dll+0x8b712e]
V  [jvm.dll+0x8b7813]
V  [jvm.dll+0x283d86]
V  [jvm.dll+0x8b08be]
V  [jvm.dll+0x678824]
V  [jvm.dll+0x67888a]
V  [jvm.dll+0x67b086]
V  [jvm.dll+0x67af52]
V  [jvm.dll+0x6791fe]
V  [jvm.dll+0x26dc30]
V  [jvm.dll+0x683525]
V  [jvm.dll+0x21937e]
V  [jvm.dll+0x219825]
V  [jvm.dll+0x21a218]
V  [jvm.dll+0x20f44e]
V  [jvm.dll+0x5b5a0f]
V  [jvm.dll+0x2210ce]
V  [jvm.dll+0x82d53d]
V  [jvm.dll+0x82e56b]
V  [jvm.dll+0x82eb34]
V  [jvm.dll+0x82e7c8]
V  [jvm.dll+0x2716ad]
V  [jvm.dll+0x3dc74e]
C  0x00000211de36925f

The last pc belongs to new (printed below).
Java frames: (J=compiled Java code, j=interpreted, Vv=VM code)
j  sun.nio.cs.UTF_8.newEncoder()Ljava/nio/charset/CharsetEncoder;+0 java.base@21.0.9
j  sun.nio.cs.StreamEncoder.<init>(Ljava/io/OutputStream;Ljava/lang/Object;Ljava/nio/charset/Charset;)V+4 java.base@21.0.9
j  sun.nio.cs.StreamEncoder.forOutputStreamWriter(Ljava/io/OutputStream;Ljava/lang/Object;Ljava/nio/charset/Charset;)Lsun/nio/cs/StreamEncoder;+7 java.base@21.0.9
j  java.io.OutputStreamWriter.<init>(Ljava/io/OutputStream;Ljava/nio/charset/Charset;)V+26 java.base@21.0.9
j  org.eclipse.osgi.internal.log.EquinoxLogWriter.logForStream(Ljava/io/OutputStream;)Ljava/io/Writer;+12
j  org.eclipse.osgi.internal.log.EquinoxLogWriter.openFile()V+27
j  org.eclipse.osgi.internal.log.EquinoxLogWriter.log(Lorg/eclipse/osgi/framework/log/FrameworkLogEntry;)V+23
j  org.eclipse.osgi.internal.log.EquinoxLogWriter.logged(Lorg/osgi/service/log/LogEntry;)V+72
j  org.eclipse.osgi.internal.log.ExtendedLogReaderServiceFactory.safeLogged(Lorg/osgi/service/log/LogListener;Lorg/osgi/service/log/LogEntry;)V+2
j  org.eclipse.osgi.internal.log.ExtendedLogReaderServiceFactory.logPrivileged(Lorg/osgi/framework/Bundle;Ljava/lang/String;Ljava/lang/StackTraceElement;Ljava/lang/Object;Lorg/osgi/service/log/LogLevel;ILjava/lang/String;Lorg/osgi/framework/ServiceReference;Ljava/lang/Throwable;)V+185
j  org.eclipse.osgi.internal.log.ExtendedLogReaderServiceFactory.log(Lorg/osgi/framework/Bundle;Ljava/lang/String;Ljava/lang/StackTraceElement;Ljava/lang/Object;Lorg/osgi/service/log/LogLevel;ILjava/lang/String;Lorg/osgi/framework/ServiceReference;Ljava/lang/Throwable;)V+52
j  org.eclipse.osgi.internal.log.ExtendedLogServiceFactory.log(Lorg/osgi/framework/Bundle;Ljava/lang/String;Ljava/lang/StackTraceElement;Ljava/lang/Object;Lorg/osgi/service/log/LogLevel;ILjava/lang/String;Lorg/osgi/framework/ServiceReference;Ljava/lang/Throwable;)V+19
j  org.eclipse.osgi.internal.log.LoggerImpl.log(Lorg/osgi/framework/Bundle;Ljava/lang/Object;Lorg/osgi/service/log/LogLevel;ILjava/lang/String;Lorg/osgi/framework/ServiceReference;Ljava/lang/Throwable;)V+48
j  org.eclipse.osgi.internal.log.LogServiceManager.frameworkEvent(Lorg/osgi/framework/FrameworkEvent;)V+142
j  org.eclipse.osgi.internal.framework.BundleContextImpl.dispatchEvent(Ljava/lang/Object;Ljava/lang/Object;ILjava/lang/Object;)V+406
j  org.eclipse.osgi.framework.eventmgr.EventManager.dispatchEvent(Ljava/util/Set;Lorg/eclipse/osgi/framework/eventmgr/EventDispatcher;ILjava/lang/Object;)V+48
j  org.eclipse.osgi.framework.eventmgr.EventManager$EventThread.run()V+26
v  ~StubRoutines::call_stub 0x00000211de3510e7
new  187 new  [0x00000211de3690e0, 0x00000211de3692e8]  520 bytes
[MachCode]
  0x00000211de3690e0: 4883 ec08 | c5fa 1104 | 24eb 1f48 | 83ec 10c5 | fb11 0424 | eb14 4883 | ec10 4889 | 0424 48c7 
  0x00000211de369100: 4424 0800 | 0000 00eb | 0150 410f | b755 010f | cac1 ea10 | 488b 4de8 | 488b 4908 | 488b 4908 
  0x00000211de369120: 488b 4108 | 807c 1004 | 070f 85d3 | 0000 0066 | 8b54 d148 | 488b 4928 | 488b 4cd1 | 0851 80b9 
  0x00000211de369140: 3101 0000 | 040f 85b6 | 0000 008b | 5108 f6c2 | 010f 85aa | 0000 0049 | 8b87 b801 | 0000 488d 
  0x00000211de369160: 1c10 493b | 9fc8 0100 | 000f 8792 | 0000 0049 | 899f b801 | 0000 4883 | ea10 0f84 | 0f00 0000 
  0x00000211de369180: 33c9 c1ea | 0348 894c | d008 48ff | ca75 f648 | c700 0100 | 0000 5933 | f689 700c | 49ba 0000 
  0x00000211de3691a0: 0080 1102 | 0000 492b | ca89 4808 | 49ba d84d | 6f6b f87f | 0000 4180 | 3a00 0f84 | 3c00 0000 
  0x00000211de3691c0: 5048 8bc8 | 4883 ec20 | 40f6 c40f | 0f84 1900 | 0000 4883 | ec08 48b8 | 80d5 186b | f87f 0000 
  0x00000211de3691e0: ffd0 4883 | c408 e90c | 0000 0048 | b880 d518 | 6bf8 7f00 | 00ff d048 | 83c4 2058 | e9cb 0000 
  0x00000211de369200: 0059 488b | 55e8 488b | 5208 488b | 5208 450f | b745 0141 | 0fc8 41c1 | e810 e805 | 0000 00e9 
  0x00000211de369220: a800 0000 | 488d 4424 | 084c 896d | c049 8bcf | c5f8 7749 | 89af a803 | 0000 4989 | 8798 0300 
  0x00000211de369240: 0048 83ec | 2040 f6c4 | 0f0f 8419 | 0000 0048 | 83ec 0848 | b800 c7e2 | 6af8 7f00 | 00ff d048 
  0x00000211de369260: 83c4 08e9 | 0c00 0000 | 48b8 00c7 | e26a f87f | 0000 ffd0 | 4883 c420 | 49c7 8798 | 0300 0000 
  0x00000211de369280: 0000 0049 | c787 a803 | 0000 0000 | 0000 49c7 | 87a0 0300 | 0000 0000 | 00c5 f877 | 4983 7f08 
  0x00000211de3692a0: 000f 8405 | 0000 00e9 | 547c feff | 498b 87f0 | 0300 0049 | c787 f003 | 0000 0000 | 0000 4c8b 
  0x00000211de3692c0: 6dc0 4c8b | 75c8 4e8d | 74f5 00c3 | 410f b65d | 0349 83c5 | 0349 ba30 | 1572 6bf8 | 7f00 0041 
  0x00000211de3692e0: ff24 da0f | 1f44 0000 
[/MachCode]

---------------  P R O C E S S  ---------------

Threads class SMR info:
_java_thread_list=0x00000211eb9dd1f0, length=16, elements={
0x00000211d3c1e310, 0x00000211d3cbff80, 0x00000211d3cc1820, 0x00000211d3cc7a30,
0x00000211d3cc8480, 0x00000211d3cce8f0, 0x00000211d3cd2ef0, 0x00000211d3cde160,
0x00000211eb955ec0, 0x00000211d3cd5ce0, 0x00000211d3cd2860, 0x00000211d3cd3580,
0x00000211d3cd5650, 0x00000211d3cd3c10, 0x00000211d3cd4930, 0x00000211d3cd4fc0
}

Java Threads: ( => current thread )
  0x00000211d3c1e310 JavaThread "main"                              [_thread_blocked, id=17872, stack(0x000000369b900000,0x000000369ba00000) (1024K)]
  0x00000211d3cbff80 JavaThread "Reference Handler"          daemon [_thread_blocked, id=20568, stack(0x000000369bd00000,0x000000369be00000) (1024K)]
  0x00000211d3cc1820 JavaThread "Finalizer"                  daemon [_thread_blocked, id=20148, stack(0x000000369be00000,0x000000369bf00000) (1024K)]
  0x00000211d3cc7a30 JavaThread "Signal Dispatcher"          daemon [_thread_blocked, id=5864, stack(0x000000369bf00000,0x000000369c000000) (1024K)]
  0x00000211d3cc8480 JavaThread "Attach Listener"            daemon [_thread_blocked, id=24420, stack(0x000000369c000000,0x000000369c100000) (1024K)]
  0x00000211d3cce8f0 JavaThread "Service Thread"             daemon [_thread_blocked, id=13484, stack(0x000000369c100000,0x000000369c200000) (1024K)]
  0x00000211d3cd2ef0 JavaThread "Monitor Deflation Thread"   daemon [_thread_blocked, id=20488, stack(0x000000369c200000,0x000000369c300000) (1024K)]
  0x00000211d3cde160 JavaThread "C2 CompilerThread0"         daemon [_thread_blocked, id=12872, stack(0x000000369c300000,0x000000369c400000) (1024K)]
  0x00000211eb955ec0 JavaThread "C1 CompilerThread0"         daemon [_thread_blocked, id=23704, stack(0x000000369c400000,0x000000369c500000) (1024K)]
  0x00000211d3cd5ce0 JavaThread "Common-Cleaner"             daemon [_thread_blocked, id=17108, stack(0x000000369c600000,0x000000369c700000) (1024K)]
  0x00000211d3cd2860 JavaThread "Notification Thread"        daemon [_thread_blocked, id=23012, stack(0x000000369c700000,0x000000369c800000) (1024K)]
  0x00000211d3cd3580 JavaThread "Active Thread: Equinox Container: 6607e500-06c2-4762-b871-41a1afb2eebe"        [_thread_blocked, id=19620, stack(0x000000369cf00000,0x000000369d000000) (1024K)]
  0x00000211d3cd5650 JavaThread "Refresh Thread: Equinox Container: 6607e500-06c2-4762-b871-41a1afb2eebe" daemon [_thread_blocked, id=21008, stack(0x000000369c800000,0x000000369c900000) (1024K)]
=>0x00000211d3cd3c10 JavaThread "Framework Event Dispatcher: Equinox Container: 6607e500-06c2-4762-b871-41a1afb2eebe" daemon [_thread_in_vm, id=18720, stack(0x000000369d000000,0x000000369d100000) (1024K)]
  0x00000211d3cd4930 JavaThread "Start Level: Equinox Container: 6607e500-06c2-4762-b871-41a1afb2eebe" daemon [_thread_in_native, id=7336, stack(0x000000369d100000,0x000000369d200000) (1024K)]
  0x00000211d3cd4fc0 JavaThread "Bundle File Closer"         daemon [_thread_blocked, id=26424, stack(0x000000369d500000,0x000000369d600000) (1024K)]
Total: 16

Other Threads:
  0x00000211eb950090 VMThread "VM Thread"                           [id=26300, stack(0x000000369bc00000,0x000000369bd00000) (1024K)]
  0x00000211d3c8d270 WatcherThread "VM Periodic Task Thread"        [id=15240, stack(0x000000369bb00000,0x000000369bc00000) (1024K)]
  0x00000211d3c3c720 WorkerThread "GC Thread#0"                     [id=13636, stack(0x000000369ba00000,0x000000369bb00000) (1024K)]
  0x00000211f139e220 WorkerThread "GC Thread#1"                     [id=7264, stack(0x000000369c900000,0x000000369ca00000) (1024K)]
  0x00000211f17da6f0 WorkerThread "GC Thread#2"                     [id=4200, stack(0x000000369ca00000,0x000000369cb00000) (1024K)]
  0x00000211f17daa90 WorkerThread "GC Thread#3"                     [id=22384, stack(0x000000369cb00000,0x000000369cc00000) (1024K)]
  0x00000211f17dae30 WorkerThread "GC Thread#4"                     [id=26320, stack(0x000000369cc00000,0x000000369cd00000) (1024K)]
  0x00000211f17db1d0 WorkerThread "GC Thread#5"                     [id=10752, stack(0x000000369cd00000,0x000000369ce00000) (1024K)]
  0x00000211f17db570 WorkerThread "GC Thread#6"                     [id=16680, stack(0x000000369ce00000,0x000000369cf00000) (1024K)]
  0x00000211eb9af6d0 WorkerThread "GC Thread#7"                     [id=26292, stack(0x000000369c500000,0x000000369c600000) (1024K)]
  0x00000211f1ab96a0 WorkerThread "GC Thread#8"                     [id=13976, stack(0x000000369d300000,0x000000369d400000) (1024K)]
  0x00000211f17fe540 WorkerThread "GC Thread#9"                     [id=17484, stack(0x000000369d400000,0x000000369d500000) (1024K)]
Total: 12

Threads with active compile tasks:
Total: 0

VM state: not at safepoint (normal execution)

VM Mutex/Monitor currently owned by a thread:  ([mutex/lock_event])
[0x00007ff86b70b4f0] Metaspace_lock - owner thread: 0x00000211d3cd3c10

OutOfMemory and StackOverflow Exception counts:
StackOverflowErrors=1
LinkageErrors=32

Heap address: 0x0000000080000000, size: 2048 MB, Compressed Oops mode: 32-bit

CDS archive(s) mapped at: [0x0000021180000000-0x0000021180ba0000-0x0000021180ba0000), size 12189696, SharedBaseAddress: 0x0000021180000000, ArchiveRelocationMode: 1.
Compressed class space mapped at: 0x0000021181000000-0x00000211c1000000, reserved size: 1073741824
Narrow klass base: 0x0000021180000000, Narrow klass shift: 0, Narrow klass range: 0x100000000

GC Precious Log:
 CardTable entry size: 512
 CPUs: 12 total, 12 available
 Memory: 16147M
 Large Page Support: Disabled
 NUMA Support: Disabled
 Compressed Oops: Enabled (32-bit)
 Alignments: Space 512K, Generation 512K, Heap 2M
 Heap Min Capacity: 100M
 Heap Initial Capacity: 100M
 Heap Max Capacity: 2G
 Pre-touch: Disabled
 Parallel Workers: 10

Heap:
 PSYoungGen      total 29696K, used 15841K [0x00000000d5580000, 0x00000000d7680000, 0x0000000100000000)
  eden space 25600K, 45% used [0x00000000d5580000,0x00000000d60f8c60,0x00000000d6e80000)
  from space 4096K, 99% used [0x00000000d6e80000,0x00000000d727f9e8,0x00000000d7280000)
  to   space 4096K, 0% used [0x00000000d7280000,0x00000000d7280000,0x00000000d7680000)
 ParOldGen       total 68608K, used 5077K [0x0000000080000000, 0x0000000084300000, 0x00000000d5580000)
  object space 68608K, 7% used [0x0000000080000000,0x00000000804f5740,0x0000000084300000)
 Metaspace       used 9629K, committed 9920K, reserved 1114112K
  class space    used 1016K, committed 1152K, reserved 1048576K

Card table byte_map: [0x00000211d35c0000,0x00000211d39d0000] _byte_map_base: 0x00000211d31c0000

Marking Bits: (ParMarkBitMap*) 0x00007ff86b712460
 Begin Bits: [0x00000211e60d0000, 0x00000211e80d0000)
 End Bits:   [0x00000211e80d0000, 0x00000211ea0d0000)

Polling page: 0x00000211d1c20000

Metaspace:

Usage:
  Non-class:      8.41 MB used.
      Class:   1016.97 KB used.
       Both:      9.40 MB used.

Virtual space:
  Non-class space:       64.00 MB reserved,       8.56 MB ( 13%) committed,  1 nodes.
      Class space:        1.00 GB reserved,       1.12 MB ( <1%) committed,  1 nodes.
             Both:        1.06 GB reserved,       9.69 MB ( <1%) committed. 

Chunk freelists:
   Non-Class:  6.78 MB
       Class:  14.78 MB
        Both:  21.56 MB

MaxMetaspaceSize: unlimited
CompressedClassSpaceSize: 1.00 GB
Initial GC threshold: 21.00 MB
Current GC threshold: 21.00 MB
CDS: on
 - commit_granule_bytes: 65536.
 - commit_granule_words: 8192.
 - virtual_space_node_default_size: 8388608.
 - enlarge_chunks_in_place: 1.
 - use_allocation_guard: 0.


Internal statistics:

num_allocs_failed_limit: 0.
num_arena_births: 260.
num_arena_deaths: 0.
num_vsnodes_births: 2.
num_vsnodes_deaths: 0.
num_space_committed: 155.
num_space_uncommitted: 0.
num_chunks_returned_to_freelist: 0.
num_chunks_taken_from_freelist: 518.
num_chunk_merges: 0.
num_chunk_splits: 325.
num_chunks_enlarged: 213.
num_inconsistent_stats: 0.

CodeHeap 'non-profiled nmethods': size=120000Kb used=1131Kb max_used=1131Kb free=118868Kb
 bounds [0x00000211de8f0000, 0x00000211deb60000, 0x00000211e5e20000]
CodeHeap 'profiled nmethods': size=120000Kb used=4404Kb max_used=4404Kb free=115596Kb
 bounds [0x00000211d6e20000, 0x00000211d7270000, 0x00000211de350000]
CodeHeap 'non-nmethods': size=5760Kb used=1244Kb max_used=1274Kb free=4515Kb
 bounds [0x00000211de350000, 0x00000211de5c0000, 0x00000211de8f0000]
CodeCache: size=245760Kb, used=6779Kb, max_used=6809Kb, free=238979Kb
 total_blobs=2888, nmethods=2390, adapters=404, full_count=0
Compilation: enabled, stopped_count=0, restarted_count=0

Compilation events (20 events):
Event: 19.850 Thread 0x00000211eb955ec0 2383       3       org.eclipse.osgi.internal.framework.EquinoxBundle::getHeaders (6 bytes)
Event: 19.850 Thread 0x00000211eb955ec0 nmethod 2383 0x00000211d7267590 code [0x00000211d7267740, 0x00000211d7267918]
Event: 19.850 Thread 0x00000211eb955ec0 2385   !   3       org.eclipse.osgi.storage.ManifestLocalization::getHeaders (243 bytes)
Event: 19.852 Thread 0x00000211eb955ec0 nmethod 2385 0x00000211d7267a10 code [0x00000211d7267de0, 0x00000211d72697d0]
Event: 19.852 Thread 0x00000211eb955ec0 2386       3       java.lang.ThreadLocal::set (18 bytes)
Event: 19.852 Thread 0x00000211eb955ec0 nmethod 2386 0x00000211d726a190 code [0x00000211d726a360, 0x00000211d726a738]
Event: 19.852 Thread 0x00000211eb955ec0 2384       3       org.eclipse.osgi.internal.framework.EquinoxBundle::getHeaders (16 bytes)
Event: 19.853 Thread 0x00000211eb955ec0 nmethod 2384 0x00000211d726a910 code [0x00000211d726ab20, 0x00000211d726afa8]
Event: 19.853 Thread 0x00000211eb955ec0 2387       3       org.eclipse.osgi.framework.util.CaseInsensitiveDictionaryMap$UnmodifiableDictionary::get (9 bytes)
Event: 19.853 Thread 0x00000211eb955ec0 nmethod 2387 0x00000211d726b210 code [0x00000211d726b3c0, 0x00000211d726b598]
Event: 19.855 Thread 0x00000211eb955ec0 2388       3       org.eclipse.osgi.container.ModuleRevision::getBundle (8 bytes)
Event: 19.856 Thread 0x00000211eb955ec0 nmethod 2388 0x00000211d726b690 code [0x00000211d726b840, 0x00000211d726ba78]
Event: 19.856 Thread 0x00000211eb955ec0 2389       3       org.eclipse.osgi.container.ModuleRevisions::getBundle (8 bytes)
Event: 19.856 Thread 0x00000211eb955ec0 nmethod 2389 0x00000211d726bb90 code [0x00000211d726bd40, 0x00000211d726bf18]
Event: 19.859 Thread 0x00000211d3cde160 2390       4       java.util.HashMap::tableSizeFor (32 bytes)
Event: 19.859 Thread 0x00000211d3cde160 nmethod 2390 0x00000211dea0ac90 code [0x00000211dea0ae20, 0x00000211dea0aec0]
Event: 19.861 Thread 0x00000211eb955ec0 2391       3       java.util.regex.Matcher::search (154 bytes)
Event: 19.862 Thread 0x00000211eb955ec0 nmethod 2391 0x00000211d726c010 code [0x00000211d726c220, 0x00000211d726c7a0]
Event: 19.988 Thread 0x00000211eb955ec0 2392       3       java.lang.PublicMethods$Key::matches (31 bytes)
Event: 19.988 Thread 0x00000211eb955ec0 nmethod 2392 0x00000211d726c990 code [0x00000211d726cb60, 0x00000211d726ce68]

GC Heap History (6 events):
Event: 1.196 GC heap before
{Heap before GC invocations=1 (full 0):
 PSYoungGen      total 29696K, used 25600K [0x00000000d5580000, 0x00000000d7680000, 0x0000000100000000)
  eden space 25600K, 100% used [0x00000000d5580000,0x00000000d6e80000,0x00000000d6e80000)
  from space 4096K, 0% used [0x00000000d7280000,0x00000000d7280000,0x00000000d7680000)
  to   space 4096K, 0% used [0x00000000d6e80000,0x00000000d6e80000,0x00000000d7280000)
 ParOldGen       total 68608K, used 0K [0x0000000080000000, 0x0000000084300000, 0x00000000d5580000)
  object space 68608K, 0% used [0x0000000080000000,0x0000000080000000,0x0000000084300000)
 Metaspace       used 4355K, committed 4608K, reserved 1114112K
  class space    used 473K, committed 576K, reserved 1048576K
}
Event: 1.202 GC heap after
{Heap after GC invocations=1 (full 0):
 PSYoungGen      total 29696K, used 3271K [0x00000000d5580000, 0x00000000d7680000, 0x0000000100000000)
  eden space 25600K, 0% used [0x00000000d5580000,0x00000000d5580000,0x00000000d6e80000)
  from space 4096K, 79% used [0x00000000d6e80000,0x00000000d71b1e98,0x00000000d7280000)
  to   space 4096K, 0% used [0x00000000d7280000,0x00000000d7280000,0x00000000d7680000)
 ParOldGen       total 68608K, used 16K [0x0000000080000000, 0x0000000084300000, 0x00000000d5580000)
  object space 68608K, 0% used [0x0000000080000000,0x0000000080004000,0x0000000084300000)
 Metaspace       used 4355K, committed 4608K, reserved 1114112K
  class space    used 473K, committed 576K, reserved 1048576K
}
Event: 9.960 GC heap before
{Heap before GC invocations=2 (full 0):
 PSYoungGen      total 29696K, used 28871K [0x00000000d5580000, 0x00000000d7680000, 0x0000000100000000)
  eden space 25600K, 100% used [0x00000000d5580000,0x00000000d6e80000,0x00000000d6e80000)
  from space 4096K, 79% used [0x00000000d6e80000,0x00000000d71b1e98,0x00000000d7280000)
  to   space 4096K, 0% used [0x00000000d7280000,0x00000000d7280000,0x00000000d7680000)
 ParOldGen       total 68608K, used 16K [0x0000000080000000, 0x0000000084300000, 0x00000000d5580000)
  object space 68608K, 0% used [0x0000000080000000,0x0000000080004000,0x0000000084300000)
 Metaspace       used 7993K, committed 8320K, reserved 1114112K
  class space    used 834K, committed 960K, reserved 1048576K
}
Event: 9.966 GC heap after
{Heap after GC invocations=2 (full 0):
 PSYoungGen      total 29696K, used 4070K [0x00000000d5580000, 0x00000000d7680000, 0x0000000100000000)
  eden space 25600K, 0% used [0x00000000d5580000,0x00000000d5580000,0x00000000d6e80000)
  from space 4096K, 99% used [0x00000000d7280000,0x00000000d7679800,0x00000000d7680000)
  to   space 4096K, 0% used [0x00000000d6e80000,0x00000000d6e80000,0x00000000d7280000)
 ParOldGen       total 68608K, used 2046K [0x0000000080000000, 0x0000000084300000, 0x00000000d5580000)
  object space 68608K, 2% used [0x0000000080000000,0x00000000801ff8c0,0x0000000084300000)
 Metaspace       used 7993K, committed 8320K, reserved 1114112K
  class space    used 834K, committed 960K, reserved 1048576K
}
Event: 14.233 GC heap before
{Heap before GC invocations=3 (full 0):
 PSYoungGen      total 29696K, used 29656K [0x00000000d5580000, 0x00000000d7680000, 0x0000000100000000)
  eden space 25600K, 99% used [0x00000000d5580000,0x00000000d6e7c9c8,0x00000000d6e80000)
  from space 4096K, 99% used [0x00000000d7280000,0x00000000d7679800,0x00000000d7680000)
  to   space 4096K, 0% used [0x00000000d6e80000,0x00000000d6e80000,0x00000000d7280000)
 ParOldGen       total 68608K, used 2046K [0x0000000080000000, 0x0000000084300000, 0x00000000d5580000)
  object space 68608K, 2% used [0x0000000080000000,0x00000000801ff8c0,0x0000000084300000)
 Metaspace       used 9482K, committed 9792K, reserved 1114112K
  class space    used 1013K, committed 1152K, reserved 1048576K
}
Event: 14.238 GC heap after
{Heap after GC invocations=3 (full 0):
 PSYoungGen      total 29696K, used 4094K [0x00000000d5580000, 0x00000000d7680000, 0x0000000100000000)
  eden space 25600K, 0% used [0x00000000d5580000,0x00000000d5580000,0x00000000d6e80000)
  from space 4096K, 99% used [0x00000000d6e80000,0x00000000d727f9e8,0x00000000d7280000)
  to   space 4096K, 0% used [0x00000000d7280000,0x00000000d7280000,0x00000000d7680000)
 ParOldGen       total 68608K, used 5077K [0x0000000080000000, 0x0000000084300000, 0x00000000d5580000)
  object space 68608K, 7% used [0x0000000080000000,0x00000000804f5740,0x0000000084300000)
 Metaspace       used 9482K, committed 9792K, reserved 1114112K
  class space    used 1013K, committed 1152K, reserved 1048576K
}

Dll operation events (9 events):
Event: 0.169 Loaded shared library c:\Users\Joseo\.vscode\extensions\redhat.java-1.52.0-win32-x64\jre\21.0.9-win32-x86_64\bin\java.dll
Event: 0.306 Loaded shared library c:\Users\Joseo\.vscode\extensions\redhat.java-1.52.0-win32-x64\jre\21.0.9-win32-x86_64\bin\zip.dll
Event: 0.329 Loaded shared library C:\Users\Joseo\.vscode\extensions\redhat.java-1.52.0-win32-x64\jre\21.0.9-win32-x86_64\bin\instrument.dll
Event: 0.368 Loaded shared library C:\Users\Joseo\.vscode\extensions\redhat.java-1.52.0-win32-x64\jre\21.0.9-win32-x86_64\bin\net.dll
Event: 0.410 Loaded shared library C:\Users\Joseo\.vscode\extensions\redhat.java-1.52.0-win32-x64\jre\21.0.9-win32-x86_64\bin\nio.dll
Event: 0.412 Loaded shared library C:\Users\Joseo\.vscode\extensions\redhat.java-1.52.0-win32-x64\jre\21.0.9-win32-x86_64\bin\zip.dll
Event: 0.431 Loaded shared library C:\Users\Joseo\.vscode\extensions\redhat.java-1.52.0-win32-x64\jre\21.0.9-win32-x86_64\bin\jimage.dll
Event: 0.548 Loaded shared library c:\Users\Joseo\.vscode\extensions\redhat.java-1.52.0-win32-x64\jre\21.0.9-win32-x86_64\bin\verify.dll
Event: 10.052 Loaded shared library C:\Users\Joseo\AppData\Roaming\Code\User\globalStorage\redhat.java\1.52.0\config_win\org.eclipse.equinox.launcher\org.eclipse.equinox.launcher.win32.win32.x86_64_1.2.1500.v20260121-1430\eclipse_11919.dll

Deoptimization events (20 events):
Event: 14.360 Thread 0x00000211d3cd4930 Uncommon trap: trap_request=0xffffff45 fr.pc=0x00000211de8ff90c relative=0x000000000000006c
Event: 14.360 Thread 0x00000211d3cd4930 Uncommon trap: reason=unstable_if action=reinterpret pc=0x00000211de8ff90c method=java.lang.String.isLatin1()Z @ 10 c2
Event: 14.360 Thread 0x00000211d3cd4930 DEOPT PACKING pc=0x00000211de8ff90c sp=0x000000369d1fdcc0
Event: 14.360 Thread 0x00000211d3cd4930 DEOPT UNPACKING pc=0x00000211de3a6da2 sp=0x000000369d1fdc50 mode 2
Event: 16.275 Thread 0x00000211d3cd4930 Uncommon trap: trap_request=0xffffff45 fr.pc=0x00000211de907da0 relative=0x0000000000000100
Event: 16.275 Thread 0x00000211d3cd4930 Uncommon trap: reason=unstable_if action=reinterpret pc=0x00000211de907da0 method=java.lang.StringCoding.countPositives([BII)I @ 17 c2
Event: 16.275 Thread 0x00000211d3cd4930 DEOPT PACKING pc=0x00000211de907da0 sp=0x000000369d1fd080
Event: 16.275 Thread 0x00000211d3cd4930 DEOPT UNPACKING pc=0x00000211de3a6da2 sp=0x000000369d1fd008 mode 2
Event: 16.629 Thread 0x00000211d3cd4930 DEOPT PACKING pc=0x00000211d7239ec9 sp=0x000000369d1fd100
Event: 16.629 Thread 0x00000211d3cd4930 DEOPT UNPACKING pc=0x00000211de3a78e2 sp=0x000000369d1fc570 mode 0
Event: 17.108 Thread 0x00000211d3cd4930 DEOPT PACKING pc=0x00000211d7239ec9 sp=0x000000369d1fd090
Event: 17.108 Thread 0x00000211d3cd4930 DEOPT UNPACKING pc=0x00000211de3a78e2 sp=0x000000369d1fc500 mode 0
Event: 17.348 Thread 0x00000211d3cd4930 DEOPT PACKING pc=0x00000211d7239ec9 sp=0x000000369d1fd090
Event: 17.348 Thread 0x00000211d3cd4930 DEOPT UNPACKING pc=0x00000211de3a78e2 sp=0x000000369d1fc500 mode 0
Event: 19.694 Thread 0x00000211d3cd4930 Uncommon trap: trap_request=0xffffff45 fr.pc=0x00000211de962e98 relative=0x00000000000001d8
Event: 19.695 Thread 0x00000211d3cd4930 Uncommon trap: reason=unstable_if action=reinterpret pc=0x00000211de962e98 method=java.lang.String.startsWith(Ljava/lang/String;I)Z @ 50 c2
Event: 19.695 Thread 0x00000211d3cd4930 DEOPT PACKING pc=0x00000211de962e98 sp=0x000000369d1fe160
Event: 19.695 Thread 0x00000211d3cd4930 DEOPT UNPACKING pc=0x00000211de3a6da2 sp=0x000000369d1fe090 mode 2
Event: 19.703 Thread 0x00000211d3cd4930 DEOPT PACKING pc=0x00000211d6f53ba5 sp=0x000000369d1fdd20
Event: 19.703 Thread 0x00000211d3cd4930 DEOPT UNPACKING pc=0x00000211de3a78e2 sp=0x000000369d1fd208 mode 0

Classes loaded (20 events):
Event: 10.214 Loading class sun/util/logging/resources/logging_fr_FR done
Event: 10.217 Loading class java/util/Formatter$DateTime
Event: 10.217 Loading class java/util/Formatter$DateTime done
Event: 10.217 Loading class java/util/Formatter$FixedString
Event: 10.217 Loading class java/util/Formatter$FixedString done
Event: 10.218 Loading class java/time/ZonedDateTime$1
Event: 10.218 Loading class java/time/ZonedDateTime$1 done
Event: 10.222 Loading class jdk/internal/module/ModulePatcher$PatchedModuleReader
Event: 10.223 Loading class jdk/internal/module/ModulePatcher$PatchedModuleReader done
Event: 10.230 Loading class sun/util/resources/LocaleData$CommonResourceBundleProvider
Event: 10.230 Loading class sun/util/resources/LocaleData$LocaleDataResourceBundleProvider
Event: 10.230 Loading class java/util/spi/ResourceBundleProvider
Event: 10.230 Loading class java/util/spi/ResourceBundleProvider done
Event: 10.230 Loading class sun/util/resources/LocaleData$LocaleDataResourceBundleProvider done
Event: 10.230 Loading class sun/util/resources/LocaleData$CommonResourceBundleProvider done
Event: 10.232 Loading class sun/util/resources/Bundles$2
Event: 10.232 Loading class sun/util/resources/Bundles$2 done
Event: 19.985 Loading class java/lang/StackTraceElement$HashedModules
Event: 19.985 Loading class java/lang/StackTraceElement$HashedModules done
Event: 19.989 Loading class sun/nio/cs/UTF_8$Encoder

Classes unloaded (0 events):
No events

Classes redefined (0 events):
No events

Internal exceptions (20 events):
Event: 1.237 Thread 0x00000211d3c1e310 Implicit null exception at 0x00000211de9506bd to 0x00000211de950741
Event: 1.325 Thread 0x00000211d3c1e310 Exception <a 'java/lang/NoSuchMethodError'{0x00000000d59c3ff0}: 'void java.lang.invoke.DirectMethodHandle$Holder.invokeSpecial(java.lang.Object, java.lang.Object, java.lang.Object)'> (0x00000000d59c3ff0) 
thrown [s\src\hotspot\share\interpreter\linkResolver.cpp, line 773]
Event: 1.555 Thread 0x00000211d3c1e310 Exception <a 'java/lang/NoSuchMethodError'{0x00000000d6426dc8}: 'int java.lang.invoke.DirectMethodHandle$Holder.invokeVirtual(java.lang.Object, java.lang.Object)'> (0x00000000d6426dc8) 
thrown [s\src\hotspot\share\interpreter\linkResolver.cpp, line 773]
Event: 1.596 Thread 0x00000211d3c1e310 Exception <a 'java/lang/NoSuchMethodError'{0x00000000d659d170}: 'int java.lang.invoke.DirectMethodHandle$Holder.invokeStaticInit(java.lang.Object, java.lang.Object, java.lang.Object, java.lang.Object)'> (0x00000000d659d170) 
thrown [s\src\hotspot\share\interpreter\linkResolver.cpp, line 773]
Event: 1.597 Thread 0x00000211d3c1e310 Exception <a 'java/lang/IncompatibleClassChangeError'{0x00000000d65a5920}: Found class java.lang.Object, but interface was expected> (0x00000000d65a5920) 
thrown [s\src\hotspot\share\interpreter\linkResolver.cpp, line 840]
Event: 1.597 Thread 0x00000211d3c1e310 Exception <a 'java/lang/NoSuchMethodError'{0x00000000d65abed0}: 'void java.lang.invoke.DirectMethodHandle$Holder.invokeStaticInit(java.lang.Object, java.lang.Object)'> (0x00000000d65abed0) 
thrown [s\src\hotspot\share\interpreter\linkResolver.cpp, line 773]
Event: 1.598 Thread 0x00000211d3c1e310 Exception <a 'java/lang/NoSuchMethodError'{0x00000000d65b50c8}: 'int java.lang.invoke.DirectMethodHandle$Holder.invokeStaticInit(java.lang.Object, java.lang.Object)'> (0x00000000d65b50c8) 
thrown [s\src\hotspot\share\interpreter\linkResolver.cpp, line 773]
Event: 1.639 Thread 0x00000211d3c1e310 Exception <a 'java/lang/NoSuchMethodError'{0x00000000d67fca68}: 'java.lang.Object java.lang.invoke.DirectMethodHandle$Holder.newInvokeSpecial(java.lang.Object, int, java.lang.Object)'> (0x00000000d67fca68) 
thrown [s\src\hotspot\share\interpreter\linkResolver.cpp, line 773]
Event: 1.677 Thread 0x00000211d3c1e310 Exception <a 'java/lang/ClassNotFoundException'{0x00000000d6a13ad8}: sun/net/www/protocol/plurl/Handler> (0x00000000d6a13ad8) 
thrown [s\src\hotspot\share\classfile\systemDictionary.cpp, line 312]
Event: 1.677 Thread 0x00000211d3c1e310 Exception <a 'java/lang/ClassNotFoundException'{0x00000000d6a14958}: sun/net/www/protocol/plurl/Handler> (0x00000000d6a14958) 
thrown [s\src\hotspot\share\classfile\systemDictionary.cpp, line 312]
Event: 9.970 Thread 0x00000211d3c1e310 Exception <a 'java/lang/UnsatisfiedLinkError'{0x00000000d55acb00}: 'void org.eclipse.equinox.launcher.JNIBridge._update_splash()'> (0x00000000d55acb00) 
thrown [s\src\hotspot\share\prims\nativeLookup.cpp, line 415]
Event: 10.009 Thread 0x00000211d3cd5650 Exception <a 'java/lang/NoSuchMethodError'{0x00000000d5868608}: 'void java.lang.invoke.DirectMethodHandle$Holder.invokeInterface(java.lang.Object, java.lang.Object, java.lang.Object)'> (0x00000000d5868608) 
thrown [s\src\hotspot\share\interpreter\linkResolver.cpp, line 773]
Event: 10.135 Thread 0x00000211d3cd4930 Exception <a 'java/lang/NoSuchMethodError'{0x00000000d5c2d088}: 'java.lang.Object java.lang.invoke.DirectMethodHandle$Holder.newInvokeSpecial(java.lang.Object, java.lang.Object, int, java.lang.Object)'> (0x00000000d5c2d088) 
thrown [s\src\hotspot\share\interpreter\linkResolver.cpp, line 773]
Event: 10.136 Thread 0x00000211d3cd4930 Exception <a 'java/lang/NoSuchMethodError'{0x00000000d5c30eb8}: 'java.lang.Object java.lang.invoke.DirectMethodHandle$Holder.invokeSpecial(java.lang.Object, java.lang.Object, java.lang.Object, int, java.lang.Object)'> (0x00000000d5c30eb8) 
thrown [s\src\hotspot\share\interpreter\linkResolver.cpp, line 773]
Event: 10.153 Thread 0x00000211d3cd4930 Exception <a 'java/lang/NoClassDefFoundError'{0x00000000d5cd7c98}: jakarta/servlet/ServletContainerInitializer> (0x00000000d5cd7c98) 
thrown [s\src\hotspot\share\classfile\systemDictionary.cpp, line 301]
Event: 10.205 Thread 0x00000211d3cd4930 Exception <a 'java/lang/NoSuchMethodError'{0x00000000d5dfa5f0}: 'java.lang.Object java.lang.invoke.DirectMethodHandle$Holder.invokeStatic(java.lang.Object, int, java.lang.Object)'> (0x00000000d5dfa5f0) 
thrown [s\src\hotspot\share\interpreter\linkResolver.cpp, line 773]
Event: 10.213 Thread 0x00000211d3cd4930 Exception <a 'java/lang/ClassNotFoundException'{0x00000000d5e662f0}: sun/util/logging/resources/spi/loggingProvider> (0x00000000d5e662f0) 
thrown [s\src\hotspot\share\classfile\systemDictionary.cpp, line 312]
Event: 19.985 Thread 0x00000211d3cd4930 Exception <a 'java/io/IOException'{0x00000000d60a0110}> (0x00000000d60a0110) 
thrown [s\src\hotspot\share\prims\jni.cpp, line 520]
Event: 19.987 Thread 0x00000211d3cd3c10 StackOverflowError at 0x00000211d6f0af00
Event: 19.987 Thread 0x00000211d3cd3c10 Exception <a 'java/lang/StackOverflowError'{0x00000000d60de9e8}> (0x00000000d60de9e8) 
thrown [s\src\hotspot\share\runtime\sharedRuntime.cpp, line 625]

ZGC Phase Switch (0 events):
No events

VM Operations (20 events):
Event: 9.960 Executing VM operation: ParallelGCFailedAllocation (Allocation Failure)
Event: 9.966 Executing VM operation: ParallelGCFailedAllocation (Allocation Failure) done
Event: 10.198 Executing VM operation: HandshakeAllThreads (Deoptimize)
Event: 10.198 Executing VM operation: HandshakeAllThreads (Deoptimize) done
Event: 10.223 Executing VM operation: HandshakeAllThreads (Deoptimize)
Event: 10.223 Executing VM operation: HandshakeAllThreads (Deoptimize) done
Event: 10.240 Executing VM operation: HandshakeAllThreads (Deoptimize)
Event: 10.240 Executing VM operation: HandshakeAllThreads (Deoptimize) done
Event: 10.248 Executing VM operation: HandshakeAllThreads (Deoptimize)
Event: 10.248 Executing VM operation: HandshakeAllThreads (Deoptimize) done
Event: 11.261 Executing VM operation: Cleanup
Event: 11.261 Executing VM operation: Cleanup done
Event: 14.233 Executing VM operation: ParallelGCFailedAllocation (Allocation Failure)
Event: 14.238 Executing VM operation: ParallelGCFailedAllocation (Allocation Failure) done
Event: 14.876 Executing VM operation: HandshakeAllThreads (Deoptimize)
Event: 14.876 Executing VM operation: HandshakeAllThreads (Deoptimize) done
Event: 15.889 Executing VM operation: Cleanup
Event: 15.889 Executing VM operation: Cleanup done
Event: 19.939 Executing VM operation: Cleanup
Event: 19.939 Executing VM operation: Cleanup done

Memory protections (0 events):
No events

Nmethod flushes (0 events):
No events

Events (20 events):
Event: 0.240 Thread 0x00000211d3c1e310 Thread added: 0x00000211d3cd2ef0
Event: 0.240 Thread 0x00000211d3c1e310 Thread added: 0x00000211d3cde160
Event: 0.240 Thread 0x00000211d3c1e310 Thread added: 0x00000211eb955ec0
Event: 0.315 Thread 0x00000211eb955ec0 Thread added: 0x00000211ebb22840
Event: 0.330 Thread 0x00000211d3c1e310 Thread added: 0x00000211d3cd5ce0
Event: 0.671 Thread 0x00000211d3c1e310 Thread added: 0x00000211d3cd2860
Event: 0.886 Thread 0x00000211d3cde160 Thread added: 0x00000211f1179bd0
Event: 1.608 Thread 0x00000211d3c1e310 Thread added: 0x00000211d3cd3580
Event: 2.034 Thread 0x00000211f1179bd0 Thread exited: 0x00000211f1179bd0
Event: 2.034 Thread 0x00000211ebb22840 Thread exited: 0x00000211ebb22840
Event: 9.969 Thread 0x00000211d3c1e310 Thread added: 0x00000211d3cd5650
Event: 10.012 Thread 0x00000211d3cd5650 Thread added: 0x00000211d3cd3c10
Event: 10.055 Thread 0x00000211d3c1e310 Thread added: 0x00000211d3cd4930
Event: 10.254 Thread 0x00000211eb955ec0 Thread added: 0x00000211f1731550
Event: 10.255 Thread 0x00000211eb955ec0 Thread added: 0x00000211f1731bf0
Event: 10.828 Thread 0x00000211f1731bf0 Thread exited: 0x00000211f1731bf0
Event: 11.039 Thread 0x00000211f1731550 Thread exited: 0x00000211f1731550
Event: 14.228 Thread 0x00000211eb955ec0 Thread added: 0x00000211f1ac1ac0
Event: 14.364 Thread 0x00000211d3cd4930 Thread added: 0x00000211d3cd4fc0
Event: 14.836 Thread 0x00000211f1ac1ac0 Thread exited: 0x00000211f1ac1ac0


Dynamic libraries:
0x00007ff7c19c0000 - 0x00007ff7c19ce000 	c:\Users\Joseo\.vscode\extensions\redhat.java-1.52.0-win32-x64\jre\21.0.9-win32-x86_64\bin\java.exe
0x00007ff9087a0000 - 0x00007ff908a08000 	C:\WINDOWS\SYSTEM32\ntdll.dll
0x00007ff907540000 - 0x00007ff907609000 	C:\WINDOWS\System32\KERNEL32.DLL
0x00007ff905fc0000 - 0x00007ff9063b1000 	C:\WINDOWS\System32\KERNELBASE.dll
0x00007ff905410000 - 0x00007ff90555b000 	C:\WINDOWS\System32\ucrtbase.dll
0x00007ff8e9a20000 - 0x00007ff8e9a3e000 	c:\Users\Joseo\.vscode\extensions\redhat.java-1.52.0-win32-x64\jre\21.0.9-win32-x86_64\bin\VCRUNTIME140.dll
0x00007ff8e92a0000 - 0x00007ff8e92b8000 	c:\Users\Joseo\.vscode\extensions\redhat.java-1.52.0-win32-x64\jre\21.0.9-win32-x86_64\bin\jli.dll
0x00007ff906b90000 - 0x00007ff906d56000 	C:\WINDOWS\System32\USER32.dll
0x00007ff904310000 - 0x00007ff9045a3000 	C:\WINDOWS\WinSxS\amd64_microsoft.windows.common-controls_6595b64144ccf1df_6.0.26100.7705_none_3e06597ae3363b04\COMCTL32.dll
0x00007ff905140000 - 0x00007ff905167000 	C:\WINDOWS\System32\win32u.dll
0x00007ff907ef0000 - 0x00007ff907f99000 	C:\WINDOWS\System32\msvcrt.dll
0x00007ff907830000 - 0x00007ff90785b000 	C:\WINDOWS\System32\GDI32.dll
0x00007ff905170000 - 0x00007ff90529b000 	C:\WINDOWS\System32\gdi32full.dll
0x00007ff905610000 - 0x00007ff9056b3000 	C:\WINDOWS\System32\msvcp_win.dll
0x00007ff906e70000 - 0x00007ff906ea1000 	C:\WINDOWS\System32\IMM32.DLL
0x00007ff8e9330000 - 0x00007ff8e933c000 	c:\Users\Joseo\.vscode\extensions\redhat.java-1.52.0-win32-x64\jre\21.0.9-win32-x86_64\bin\vcruntime140_1.dll
0x00007ff8d1d80000 - 0x00007ff8d1e0d000 	c:\Users\Joseo\.vscode\extensions\redhat.java-1.52.0-win32-x64\jre\21.0.9-win32-x86_64\bin\msvcp140.dll
0x00007ff86aa50000 - 0x00007ff86b7f0000 	c:\Users\Joseo\.vscode\extensions\redhat.java-1.52.0-win32-x64\jre\21.0.9-win32-x86_64\bin\server\jvm.dll
0x00007ff907c70000 - 0x00007ff907d24000 	C:\WINDOWS\System32\ADVAPI32.dll
0x00007ff907d50000 - 0x00007ff907df6000 	C:\WINDOWS\System32\sechost.dll
0x00007ff906fb0000 - 0x00007ff9070c8000 	C:\WINDOWS\System32\RPCRT4.dll
0x00007ff907860000 - 0x00007ff9078d4000 	C:\WINDOWS\System32\WS2_32.dll
0x00007ff9048a0000 - 0x00007ff9048fe000 	C:\WINDOWS\SYSTEM32\POWRPROF.dll
0x00007ff8eea50000 - 0x00007ff8eea85000 	C:\WINDOWS\SYSTEM32\WINMM.dll
0x00007ff8f2640000 - 0x00007ff8f264b000 	C:\WINDOWS\SYSTEM32\VERSION.dll
0x00007ff9047b0000 - 0x00007ff9047c4000 	C:\WINDOWS\SYSTEM32\UMPDC.dll
0x00007ff903590000 - 0x00007ff9035ab000 	C:\WINDOWS\SYSTEM32\kernel.appcore.dll
0x00007ff8e9290000 - 0x00007ff8e929a000 	c:\Users\Joseo\.vscode\extensions\redhat.java-1.52.0-win32-x64\jre\21.0.9-win32-x86_64\bin\jimage.dll
0x00007ff904970000 - 0x00007ff904bb2000 	C:\WINDOWS\SYSTEM32\DBGHELP.DLL
0x00007ff9078e0000 - 0x00007ff907c66000 	C:\WINDOWS\System32\combase.dll
0x00007ff907250000 - 0x00007ff907327000 	C:\WINDOWS\System32\OLEAUT32.dll
0x00007ff9047d0000 - 0x00007ff90480b000 	C:\WINDOWS\SYSTEM32\dbgcore.DLL
0x00007ff905560000 - 0x00007ff905605000 	C:\WINDOWS\System32\bcryptPrimitives.dll
0x00007ff8e9240000 - 0x00007ff8e924f000 	c:\Users\Joseo\.vscode\extensions\redhat.java-1.52.0-win32-x64\jre\21.0.9-win32-x86_64\bin\instrument.dll
0x00007ff8e9160000 - 0x00007ff8e9180000 	c:\Users\Joseo\.vscode\extensions\redhat.java-1.52.0-win32-x64\jre\21.0.9-win32-x86_64\bin\java.dll
0x00007ff908000000 - 0x00007ff908751000 	C:\WINDOWS\System32\SHELL32.dll
0x00007ff9052a0000 - 0x00007ff90540a000 	C:\WINDOWS\System32\wintypes.dll
0x00007ff9056c0000 - 0x00007ff905f22000 	C:\WINDOWS\System32\windows.storage.dll
0x00007ff9070d0000 - 0x00007ff9071c6000 	C:\WINDOWS\System32\SHCORE.dll
0x00007ff906eb0000 - 0x00007ff906f17000 	C:\WINDOWS\System32\shlwapi.dll
0x00007ff904fa0000 - 0x00007ff904fc9000 	C:\WINDOWS\SYSTEM32\profapi.dll
0x00007ff8e8940000 - 0x00007ff8e8958000 	c:\Users\Joseo\.vscode\extensions\redhat.java-1.52.0-win32-x64\jre\21.0.9-win32-x86_64\bin\zip.dll
0x00007ff8e9150000 - 0x00007ff8e9160000 	C:\Users\Joseo\.vscode\extensions\redhat.java-1.52.0-win32-x64\jre\21.0.9-win32-x86_64\bin\net.dll
0x00007ff8fa370000 - 0x00007ff8fa497000 	C:\WINDOWS\SYSTEM32\WINHTTP.dll
0x00007ff903ac0000 - 0x00007ff903b2b000 	C:\WINDOWS\system32\mswsock.dll
0x00007ff8e87a0000 - 0x00007ff8e87b6000 	C:\Users\Joseo\.vscode\extensions\redhat.java-1.52.0-win32-x64\jre\21.0.9-win32-x86_64\bin\nio.dll
0x00007ff8e8f60000 - 0x00007ff8e8f70000 	c:\Users\Joseo\.vscode\extensions\redhat.java-1.52.0-win32-x64\jre\21.0.9-win32-x86_64\bin\verify.dll
0x00007ff8c3ea0000 - 0x00007ff8c3ee5000 	C:\Users\Joseo\AppData\Roaming\Code\User\globalStorage\redhat.java\1.52.0\config_win\org.eclipse.equinox.launcher\org.eclipse.equinox.launcher.win32.win32.x86_64_1.2.1500.v20260121-1430\eclipse_11919.dll
0x00007ff907690000 - 0x00007ff907827000 	C:\WINDOWS\System32\ole32.dll

JVMTI agents:
c:\Users\Joseo\.vscode\extensions\redhat.java-1.52.0-win32-x64\lombok\lombok-1.18.39-4050.jar path:c:\Users\Joseo\.vscode\extensions\redhat.java-1.52.0-win32-x64\jre\21.0.9-win32-x86_64\bin\instrument.dll, loaded, initialized, instrumentlib options:none

dbghelp: loaded successfully - version: 4.0.5 - missing functions: none
symbol engine: initialized successfully - sym options: 0x614 - pdb path: .;c:\Users\Joseo\.vscode\extensions\redhat.java-1.52.0-win32-x64\jre\21.0.9-win32-x86_64\bin;C:\WINDOWS\SYSTEM32;C:\WINDOWS\WinSxS\amd64_microsoft.windows.common-controls_6595b64144ccf1df_6.0.26100.7705_none_3e06597ae3363b04;c:\Users\Joseo\.vscode\extensions\redhat.java-1.52.0-win32-x64\jre\21.0.9-win32-x86_64\bin\server;C:\Users\Joseo\AppData\Roaming\Code\User\globalStorage\redhat.java\1.52.0\config_win\org.eclipse.equinox.launcher\org.eclipse.equinox.launcher.win32.win32.x86_64_1.2.1500.v20260121-1430

VM Arguments:
jvm_args: --add-modules=ALL-SYSTEM --add-opens=java.base/java.util=ALL-UNNAMED --add-opens=java.base/java.lang=ALL-UNNAMED --add-opens=java.base/sun.nio.fs=ALL-UNNAMED -Declipse.application=org.eclipse.jdt.ls.core.id1 -Dosgi.bundles.defaultStartLevel=4 -Declipse.product=org.eclipse.jdt.ls.core.product -Djava.import.generatesMetadataFilesAtProjectRoot=false -DDetectVMInstallationsJob.disabled=true -Dfile.encoding=utf8 -XX:+UseParallelGC -XX:GCTimeRatio=4 -XX:AdaptiveSizePolicyWeight=90 -Dsun.zip.disableMemoryMapping=true -Xmx2G -Xms100m -Xlog:disable -javaagent:c:\Users\Joseo\.vscode\extensions\redhat.java-1.52.0-win32-x64\lombok\lombok-1.18.39-4050.jar -XX:+HeapDumpOnOutOfMemoryError -XX:HeapDumpPath=c:\Users\Joseo\AppData\Roaming\Code\User\workspaceStorage\a69c08ec4294a9e46b62510d91ef7044\redhat.java -Daether.dependencyCollector.impl=bf 
java_command: c:\Users\Joseo\.vscode\extensions\redhat.java-1.52.0-win32-x64\server\plugins\org.eclipse.equinox.launcher_1.7.100.v20251111-0406.jar -configuration c:\Users\Joseo\AppData\Roaming\Code\User\globalStorage\redhat.java\1.52.0\config_win -data c:\Users\Joseo\AppData\Roaming\Code\User\workspaceStorage\a69c08ec4294a9e46b62510d91ef7044\redhat.java\jdt_ws --pipe=\\.\pipe\lsp-4e14c27df2232b9d62f16f12ee44248d-sock
java_class_path (initial): c:\Users\Joseo\.vscode\extensions\redhat.java-1.52.0-win32-x64\server\plugins\org.eclipse.equinox.launcher_1.7.100.v20251111-0406.jar
Launcher Type: SUN_STANDARD

[Global flags]
    uintx AdaptiveSizePolicyWeight                 = 90                                        {product} {command line}
     intx CICompilerCount                          = 4                                         {product} {ergonomic}
    uintx GCTimeRatio                              = 4                                         {product} {command line}
     bool HeapDumpOnOutOfMemoryError               = true                                   {manageable} {command line}
    ccstr HeapDumpPath                             = c:\Users\Joseo\AppData\Roaming\Code\User\workspaceStorage\a69c08ec4294a9e46b62510d91ef7044\redhat.java         {manageable} {command line}
   size_t InitialHeapSize                          = 104857600                                 {product} {command line}
   size_t MaxHeapSize                              = 2147483648                                {product} {command line}
   size_t MaxNewSize                               = 715653120                                 {product} {ergonomic}
   size_t MinHeapDeltaBytes                        = 524288                                    {product} {ergonomic}
   size_t MinHeapSize                              = 104857600                                 {product} {command line}
   size_t NewSize                                  = 34603008                                  {product} {ergonomic}
    uintx NonNMethodCodeHeapSize                   = 5839372                                {pd product} {ergonomic}
    uintx NonProfiledCodeHeapSize                  = 122909434                              {pd product} {ergonomic}
   size_t OldSize                                  = 70254592                                  {product} {ergonomic}
    uintx ProfiledCodeHeapSize                     = 122909434                              {pd product} {ergonomic}
    uintx ReservedCodeCacheSize                    = 251658240                              {pd product} {ergonomic}
     bool SegmentedCodeCache                       = true                                      {product} {ergonomic}
   size_t SoftMaxHeapSize                          = 2147483648                             {manageable} {ergonomic}
     bool UseCompressedOops                        = true                           {product lp64_product} {ergonomic}
     bool UseLargePagesIndividualAllocation        = false                                  {pd product} {ergonomic}
     bool UseParallelGC                            = true                                      {product} {command line}

Logging:
Log output configuration:
 #0: stdout all=off uptime,level,tags foldmultilines=false
 #1: stderr all=off uptime,level,tags foldmultilines=false

Release file:
JAVA_VERSION="21.0.9" 
MODULES="java.base java.compiler java.datatransfer java.xml java.prefs java.desktop java.instrument java.logging java.management java.security.sasl java.naming java.rmi java.management.rmi java.net.http java.scripting java.security.jgss java.transaction.xa java.sql java.sql.rowset java.xml.crypto java.se java.smartcardio jdk.accessibility jdk.internal.jvmstat jdk.attach jdk.charsets jdk.internal.opt jdk.zipfs jdk.compiler jdk.crypto.ec jdk.crypto.cryptoki jdk.crypto.mscapi jdk.dynalink jdk.internal.ed jdk.editpad jdk.hotspot.agent jdk.httpserver jdk.internal.le jdk.internal.vm.ci jdk.internal.vm.compiler jdk.internal.vm.compiler.management jdk.jartool jdk.javadoc jdk.jcmd jdk.management jdk.management.agent jdk.jconsole jdk.jdeps jdk.jdwp.agent jdk.jdi jdk.jfr jdk.jshell jdk.jsobject jdk.jstatd jdk.localedata jdk.management.jfr jdk.naming.dns jdk.naming.rmi jdk.net jdk.nio.mapmode jdk.random jdk.sctp jdk.security.auth jdk.security.jgss jdk.unsupported jdk.unsupported.desktop jdk.xml.dom" 

Environment Variables:
JAVA_HOME=C:\Program Files\Eclipse Adoptium\jdk-25.0.1.8-hotspot
PATH=C:\Program Files\Eclipse Adoptium\jdk-25.0.1.8-hotspot\bin;C:\Program Files (x86)\Common Files\Oracle\Java\java8path;C:\Program Files (x86)\Common Files\Oracle\Java\javapath;C:\Windows\system32;C:\Windows;C:\Windows\System32\Wbem;C:\Windows\System32\WindowsPowerShell\v1.0\;C:\Windows\System32\OpenSSH\;C:\Program Files (x86)\NVIDIA Corporation\PhysX\Common;C:\WINDOWS\system32;C:\WINDOWS;C:\WINDOWS\System32\Wbem;C:\WINDOWS\System32\WindowsPowerShell\v1.0\;C:\WINDOWS\System32\OpenSSH\;C:\Program Files\Git\cmd;C:\Program Files\dotnet\;C:\Program Files\NVIDIA Corporation\NVIDIA app\NvDLISR;C:\Program Files\Docker\Docker\resources\bin;C:\Program Files\Eclipse Adoptium\jdk-25.0.1.8-hotspot\bin;C:\Users\Joseo\AppData\Local\nvm;C:\nvm4w\nodejs;C:\Program Files\Eclipse Adoptium\jdk-25.0.1.8-hotspot\bin;C:\Program Files (x86)\Common Files\Oracle\Java\java8path;C:\Program Files (x86)\Common Files\Oracle\Java\javapath;C:\Windows\system32;C:\Windows;C:\Windows\System32\Wbem;C:\Windows\System32\WindowsPowerShell\v1.0\;C:\Windows\System32\OpenSSH\;C:\Program Files (x86)\NVIDIA Corporation\PhysX\Common;C:\WINDOWS\system32;C:\WINDOWS;C:\WINDOWS\System32\Wbem;C:\WINDOWS\System32\WindowsPowerShell\v1.0\;C:\WINDOWS\System32\OpenSSH\;C:\Program Files\Git\cmd;C:\Program Files\dotnet\;C:\Program Files\NVIDIA Corporation\NVIDIA app\NvDLISR;C:\Program Files\Docker\Docker\resources\bin;C:\Program Files\Eclipse Adoptium\jdk-25.0.1.8-hotspot\bin;C:\Users\Joseo\AppData\Local\nvm;C:\nvm4w\nodejs;;C:\Users\Joseo\AppData\Local\nvm;C:\Users\Joseo\AppData\Local\nvm\nodejs
USERNAME=Joseo
OS=Windows_NT
PROCESSOR_IDENTIFIER=Intel64 Family 6 Model 141 Stepping 1, GenuineIntel
TMP=C:\Users\Joseo\AppData\Local\Temp
TEMP=C:\Users\Joseo\AppData\Local\Temp




Periodic native trim disabled

---------------  S Y S T E M  ---------------

OS:
 Windows 11 , 64 bit Build 26100 (10.0.26100.7705)
OS uptime: 0 days 14:57 hours
Hyper-V role detected

CPU: total 12 (initial active 12) (6 cores per cpu, 2 threads per core) family 6 model 141 stepping 1 microcode 0x3c, cx8, cmov, fxsr, ht, mmx, 3dnowpref, sse, sse2, sse3, ssse3, sse4.1, sse4.2, popcnt, lzcnt, tsc, tscinvbit, avx, avx2, aes, erms, clmul, bmi1, bmi2, adx, avx512f, avx512dq, avx512cd, avx512bw, avx512vl, sha, fma, vzeroupper, avx512_vpopcntdq, avx512_vpclmulqdq, avx512_vaes, avx512_vnni, clflush, clflushopt, clwb, avx512_vbmi2, avx512_vbmi, hv, rdtscp, rdpid, fsrm, gfni, avx512_bitalg, f16c, cet_ibt, cet_ss, avx512_ifma
Processor Information for the first 12 processors :
  Max Mhz: 2688, Current Mhz: 2688, Mhz Limit: 2688

Memory: 4k page, system-wide physical 16147M (1780M free)
TotalPageFile size 20014M (AvailPageFile size 118M)
current process WorkingSet (physical memory assigned to process): 107M, peak: 108M
current process commit charge ("private bytes"): 253M, peak: 254M

vm_info: OpenJDK 64-Bit Server VM (21.0.9+10-LTS) for windows-amd64 JRE (21.0.9+10-LTS), built on 2025-10-21T00:00:00Z by "admin" with unknown MS VC++:1942

END.
